#
# There is insufficient memory for the Java Runtime Environment to continue.
# Native memory allocation (malloc) failed to allocate 1995376 bytes for Chunk::new
# Possible reasons:
#   The system is out of physical RAM or swap space
#   In 32 bit mode, the process size limit was hit
# Possible solutions:
#   Reduce memory load on the system
#   Increase physical memory or swap space
#   Check if swap backing store is full
#   Use 64 bit Java on a 64 bit OS
#   Decrease Java heap size (-Xmx/-Xms)
#   Decrease number of Java threads
#   Decrease Java thread stack sizes (-Xss)
#   Set larger code cache with -XX:ReservedCodeCacheSize=
# This output file may be truncated or incomplete.
#
#  Out of Memory Error (allocation.cpp:390), pid=9192, tid=1132
#
# JRE version: Java(TM) SE Runtime Environment (8.0_74-b02) (build 1.8.0_74-b02)
# Java VM: Java HotSpot(TM) 64-Bit Server VM (25.74-b02 mixed mode windows-amd64 compressed oops)
# Failed to write core dump. Minidumps are not enabled by default on client versions of Windows
#

---------------  T H R E A D  ---------------

Current thread (0x0000000016d7b800):  JavaThread "C2 CompilerThread1" daemon [_thread_in_native, id=1132, stack(0x0000000017640000,0x0000000017740000)]

Stack: [0x0000000017640000,0x0000000017740000]
[error occurred during error reporting (printing stack bounds), id 0xc0000005]

Native frames: (J=compiled Java code, j=interpreted, Vv=VM code, C=native code)


Current CompileTask:
C2:  12116 2062       4       com.android.dx.cf.code.Simulator$SimVisitor::visitConstant (332 bytes)


---------------  P R O C E S S  ---------------

Java Threads: ( => current thread )
  0x0000000017109000 JavaThread "pool-1-thread-4" [_thread_blocked, id=10536, stack(0x0000000018740000,0x0000000018840000)]
  0x0000000017b86800 JavaThread "pool-1-thread-3" [_thread_blocked, id=4640, stack(0x0000000018640000,0x0000000018740000)]
  0x0000000017b85000 JavaThread "pool-1-thread-2" [_thread_blocked, id=11020, stack(0x0000000018540000,0x0000000018640000)]
  0x0000000017b80000 JavaThread "pool-2-thread-1" [_thread_blocked, id=928, stack(0x0000000018440000,0x0000000018540000)]
  0x0000000017b7e000 JavaThread "pool-1-thread-1" [_thread_blocked, id=4564, stack(0x0000000018340000,0x0000000018440000)]
  0x0000000016e2a800 JavaThread "Service Thread" daemon [_thread_blocked, id=10508, stack(0x0000000017940000,0x0000000017a40000)]
  0x0000000016d88000 JavaThread "C1 CompilerThread3" daemon [_thread_blocked, id=9804, stack(0x0000000017840000,0x0000000017940000)]
  0x0000000016d81000 JavaThread "C2 CompilerThread2" daemon [_thread_blocked, id=9140, stack(0x0000000017740000,0x0000000017840000)]
=>0x0000000016d7b800 JavaThread "C2 CompilerThread1" daemon [_thread_in_native, id=1132, stack(0x0000000017640000,0x0000000017740000)]
  0x0000000016d78000 JavaThread "C2 CompilerThread0" daemon [_thread_blocked, id=9304, stack(0x0000000017540000,0x0000000017640000)]
  0x0000000016d77000 JavaThread "Attach Listener" daemon [_thread_blocked, id=10004, stack(0x0000000017440000,0x0000000017540000)]
  0x0000000016d76000 JavaThread "Signal Dispatcher" daemon [_thread_blocked, id=10464, stack(0x0000000017340000,0x0000000017440000)]
  0x0000000016d70800 JavaThread "Finalizer" daemon [_thread_blocked, id=3632, stack(0x0000000017150000,0x0000000017250000)]
  0x0000000002369000 JavaThread "Reference Handler" daemon [_thread_blocked, id=8452, stack(0x0000000016c50000,0x0000000016d50000)]
  0x0000000002271000 JavaThread "main" [_thread_blocked, id=6948, stack(0x0000000002170000,0x0000000002270000)]

Other Threads:
  0x0000000014e89800 VMThread [stack: 0x0000000016b50000,0x0000000016c50000] [id=6064]
  0x0000000016df1800 WatcherThread [stack: 0x0000000017a40000,0x0000000017b40000] [id=10876]

VM state:not at safepoint (normal execution)

VM Mutex/Monitor currently owned by a thread: None

Heap:
 PSYoungGen      total 138240K, used 28085K [0x00000000eab00000, 0x00000000f3700000, 0x0000000100000000)
  eden space 133120K, 17% used [0x00000000eab00000,0x00000000ec174050,0x00000000f2d00000)
  from space 5120K, 99% used [0x00000000f3200000,0x00000000f36f94d8,0x00000000f3700000)
  to   space 5120K, 0% used [0x00000000f2d00000,0x00000000f2d00000,0x00000000f3200000)
 ParOldGen       total 87552K, used 26392K [0x00000000c0000000, 0x00000000c5580000, 0x00000000eab00000)
  object space 87552K, 30% used [0x00000000c0000000,0x00000000c19c62c8,0x00000000c5580000)
 Metaspace       used 6484K, capacity 7192K, committed 7424K, reserved 1056768K
  class space    used 626K, capacity 656K, committed 768K, reserved 1048576K

Card table byte_map: [0x0000000011730000,0x0000000011940000] byte_map_base: 0x0000000011130000

Marking Bits: (ParMarkBitMap*) 0x0000000058df0600
 Begin Bits: [0x00000000122a0000, 0x00000000132a0000)
 End Bits:   [0x00000000132a0000, 0x00000000142a0000)

Polling page: 0x0000000002080000

CodeCache: size=245760Kb used=9835Kb max_used=9853Kb free=235924Kb
 bounds [0x0000000002370000, 0x0000000002d20000, 0x0000000011370000]
 total_blobs=2293 nmethods=2023 adapters=182
 compilation: enabled

Compilation events (10 events):
Event: 11.867 Thread 0x0000000016d81000 nmethod 2056 0x0000000002cec790 code [0x0000000002cec9a0, 0x0000000002cee398]
Event: 11.867 Thread 0x0000000016d81000 2057       4       com.android.dx.ssa.SsaMethod::makeExitBlock (134 bytes)
Event: 11.903 Thread 0x0000000016d78000 nmethod 2061 0x0000000002d04210 code [0x0000000002d044c0, 0x0000000002d06080]
Event: 11.903 Thread 0x0000000016d78000 1998       4       com.android.dx.cf.code.Simulator$SimVisitor::visitLocal (329 bytes)
Event: 11.919 Thread 0x0000000016d7b800 nmethod 2009 0x0000000002d0d4d0 code [0x0000000002d0d9c0, 0x0000000002d11448]
Event: 11.921 Thread 0x0000000016d7b800 2062       4       com.android.dx.cf.code.Simulator$SimVisitor::visitConstant (332 bytes)
Event: 11.932 Thread 0x0000000016d81000 nmethod 2057 0x0000000002d0a450 code [0x0000000002d0a660, 0x0000000002d0bd98]
Event: 11.976 Thread 0x0000000016d78000 nmethod 1998 0x0000000002d180d0 code [0x0000000002d183e0, 0x0000000002d1a2c8]
Event: 12.032 Thread 0x0000000016d81000 2063       4       java.util.HashMap::newNode (13 bytes)
Event: 12.033 Thread 0x0000000016d81000 nmethod 2063 0x0000000002c2fa10 code [0x0000000002c2fb60, 0x0000000002c2fc78]

GC Heap History (8 events):
Event: 2.928 GC heap before
{Heap before GC invocations=1 (full 0):
 PSYoungGen      total 38400K, used 33280K [0x00000000eab00000, 0x00000000ed580000, 0x0000000100000000)
  eden space 33280K, 100% used [0x00000000eab00000,0x00000000ecb80000,0x00000000ecb80000)
  from space 5120K, 0% used [0x00000000ed080000,0x00000000ed080000,0x00000000ed580000)
  to   space 5120K, 0% used [0x00000000ecb80000,0x00000000ecb80000,0x00000000ed080000)
 ParOldGen       total 87552K, used 0K [0x00000000c0000000, 0x00000000c5580000, 0x00000000eab00000)
  object space 87552K, 0% used [0x00000000c0000000,0x00000000c0000000,0x00000000c5580000)
 Metaspace       used 5918K, capacity 6832K, committed 7040K, reserved 1056768K
  class space    used 598K, capacity 616K, committed 640K, reserved 1048576K
Event: 3.366 GC heap after
Heap after GC invocations=1 (full 0):
 PSYoungGen      total 38400K, used 5089K [0x00000000eab00000, 0x00000000ef600000, 0x0000000100000000)
  eden space 33280K, 0% used [0x00000000eab00000,0x00000000eab00000,0x00000000ecb80000)
  from space 5120K, 99% used [0x00000000ecb80000,0x00000000ed078688,0x00000000ed080000)
  to   space 5120K, 0% used [0x00000000ef100000,0x00000000ef100000,0x00000000ef600000)
 ParOldGen       total 87552K, used 1055K [0x00000000c0000000, 0x00000000c5580000, 0x00000000eab00000)
  object space 87552K, 1% used [0x00000000c0000000,0x00000000c0107ca8,0x00000000c5580000)
 Metaspace       used 5918K, capacity 6832K, committed 7040K, reserved 1056768K
  class space    used 598K, capacity 616K, committed 640K, reserved 1048576K
}
Event: 8.065 GC heap before
{Heap before GC invocations=2 (full 0):
 PSYoungGen      total 38400K, used 38369K [0x00000000eab00000, 0x00000000ef600000, 0x0000000100000000)
  eden space 33280K, 100% used [0x00000000eab00000,0x00000000ecb80000,0x00000000ecb80000)
  from space 5120K, 99% used [0x00000000ecb80000,0x00000000ed078688,0x00000000ed080000)
  to   space 5120K, 0% used [0x00000000ef100000,0x00000000ef100000,0x00000000ef600000)
 ParOldGen       total 87552K, used 1055K [0x00000000c0000000, 0x00000000c5580000, 0x00000000eab00000)
  object space 87552K, 1% used [0x00000000c0000000,0x00000000c0107ca8,0x00000000c5580000)
 Metaspace       used 6229K, capacity 7090K, committed 7296K, reserved 1056768K
  class space    used 600K, capacity 618K, committed 640K, reserved 1048576K
Event: 8.168 GC heap after
Heap after GC invocations=2 (full 0):
 PSYoungGen      total 71680K, used 5105K [0x00000000eab00000, 0x00000000ef600000, 0x0000000100000000)
  eden space 66560K, 0% used [0x00000000eab00000,0x00000000eab00000,0x00000000eec00000)
  from space 5120K, 99% used [0x00000000ef100000,0x00000000ef5fc638,0x00000000ef600000)
  to   space 5120K, 0% used [0x00000000eec00000,0x00000000eec00000,0x00000000ef100000)
 ParOldGen       total 87552K, used 5252K [0x00000000c0000000, 0x00000000c5580000, 0x00000000eab00000)
  object space 87552K, 5% used [0x00000000c0000000,0x00000000c0521310,0x00000000c5580000)
 Metaspace       used 6229K, capacity 7090K, committed 7296K, reserved 1056768K
  class space    used 600K, capacity 618K, committed 640K, reserved 1048576K
}
Event: 8.658 GC heap before
{Heap before GC invocations=3 (full 0):
 PSYoungGen      total 71680K, used 71665K [0x00000000eab00000, 0x00000000ef600000, 0x0000000100000000)
  eden space 66560K, 100% used [0x00000000eab00000,0x00000000eec00000,0x00000000eec00000)
  from space 5120K, 99% used [0x00000000ef100000,0x00000000ef5fc638,0x00000000ef600000)
  to   space 5120K, 0% used [0x00000000eec00000,0x00000000eec00000,0x00000000ef100000)
 ParOldGen       total 87552K, used 5252K [0x00000000c0000000, 0x00000000c5580000, 0x00000000eab00000)
  object space 87552K, 5% used [0x00000000c0000000,0x00000000c0521310,0x00000000c5580000)
 Metaspace       used 6309K, capacity 7154K, committed 7296K, reserved 1056768K
  class space    used 605K, capacity 618K, committed 640K, reserved 1048576K
Event: 9.042 GC heap after
Heap after GC invocations=3 (full 0):
 PSYoungGen      total 71680K, used 5093K [0x00000000eab00000, 0x00000000f3700000, 0x0000000100000000)
  eden space 66560K, 0% used [0x00000000eab00000,0x00000000eab00000,0x00000000eec00000)
  from space 5120K, 99% used [0x00000000eec00000,0x00000000ef0f94d8,0x00000000ef100000)
  to   space 5120K, 0% used [0x00000000f3200000,0x00000000f3200000,0x00000000f3700000)
 ParOldGen       total 87552K, used 15710K [0x00000000c0000000, 0x00000000c5580000, 0x00000000eab00000)
  object space 87552K, 17% used [0x00000000c0000000,0x00000000c0f57850,0x00000000c5580000)
 Metaspace       used 6309K, capacity 7154K, committed 7296K, reserved 1056768K
  class space    used 605K, capacity 618K, committed 640K, reserved 1048576K
}
Event: 11.102 GC heap before
{Heap before GC invocations=4 (full 0):
 PSYoungGen      total 71680K, used 71653K [0x00000000eab00000, 0x00000000f3700000, 0x0000000100000000)
  eden space 66560K, 100% used [0x00000000eab00000,0x00000000eec00000,0x00000000eec00000)
  from space 5120K, 99% used [0x00000000eec00000,0x00000000ef0f94d8,0x00000000ef100000)
  to   space 5120K, 0% used [0x00000000f3200000,0x00000000f3200000,0x00000000f3700000)
 ParOldGen       total 87552K, used 15710K [0x00000000c0000000, 0x00000000c5580000, 0x00000000eab00000)
  object space 87552K, 17% used [0x00000000c0000000,0x00000000c0f57850,0x00000000c5580000)
 Metaspace       used 6391K, capacity 7154K, committed 7296K, reserved 1056768K
  class space    used 605K, capacity 618K, committed 640K, reserved 1048576K
Event: 11.638 GC heap after
Heap after GC invocations=4 (full 0):
 PSYoungGen      total 138240K, used 5093K [0x00000000eab00000, 0x00000000f3700000, 0x0000000100000000)
  eden space 133120K, 0% used [0x00000000eab00000,0x00000000eab00000,0x00000000f2d00000)
  from space 5120K, 99% used [0x00000000f3200000,0x00000000f36f94d8,0x00000000f3700000)
  to   space 5120K, 0% used [0x00000000f2d00000,0x00000000f2d00000,0x00000000f3200000)
 ParOldGen       total 87552K, used 26392K [0x00000000c0000000, 0x00000000c5580000, 0x00000000eab00000)
  object space 87552K, 30% used [0x00000000c0000000,0x00000000c19c62c8,0x00000000c5580000)
 Metaspace       used 6391K, capacity 7154K, committed 7296K, reserved 1056768K
  class space    used 605K, capacity 618K, committed 640K, reserved 1048576K
}

Deoptimization events (10 events):
Event: 8.317 Thread 0x0000000017109000 Uncommon trap: reason=bimorphic action=maybe_recompile pc=0x0000000002a9d044 method=com.android.dx.ssa.SCCP.setLatticeValueTo(IILcom/android/dx/rop/cst/Constant;)Z @ 43
Event: 8.317 Thread 0x0000000017109000 Uncommon trap: reason=class_check action=maybe_recompile pc=0x0000000002a9c9c8 method=com.android.dx.ssa.SCCP.simulatePhi(Lcom/android/dx/ssa/PhiInsn;)V @ 124
Event: 8.366 Thread 0x0000000017b86800 Uncommon trap: reason=unstable_if action=reinterpret pc=0x0000000002a18b78 method=com.android.dx.util.BitIntSet.has(I)Z @ 8
Event: 8.480 Thread 0x0000000017109000 Uncommon trap: reason=unstable_if action=reinterpret pc=0x0000000002a709a8 method=com.android.dx.rop.code.RegisterSpecSet.localItemToSpec(Lcom/android/dx/rop/code/LocalItem;)Lcom/android/dx/rop/code/RegisterSpec; @ 35
Event: 9.800 Thread 0x0000000017b7e000 Uncommon trap: reason=uninitialized action=reinterpret pc=0x000000000292893c method=com.android.dx.cf.code.BytecodeArray.parseInstruction(ILcom/android/dx/cf/code/BytecodeArray$Visitor;)I @ 1031
Event: 9.962 Thread 0x0000000017b7e000 Uncommon trap: reason=bimorphic action=maybe_recompile pc=0x0000000002b5f0f0 method=com.android.dx.cf.code.RopperMachine.run(Lcom/android/dx/cf/code/Frame;II)V @ 988
Event: 11.653 Thread 0x0000000017109000 Uncommon trap: reason=unstable_if action=reinterpret pc=0x0000000002a004d8 method=com.android.dx.cf.code.RopperMachine.jopToRopOpcode(ILcom/android/dx/rop/cst/Constant;)I @ 1044
Event: 11.658 Thread 0x0000000017b85000 Uncommon trap: reason=unstable_if action=reinterpret pc=0x00000000027256a0 method=java.util.HashMap.putVal(ILjava/lang/Object;Ljava/lang/Object;ZZ)Ljava/lang/Object; @ 162
Event: 11.680 Thread 0x0000000017b85000 Uncommon trap: reason=unstable_if action=reinterpret pc=0x000000000283fb98 method=java.util.HashMap.getNode(ILjava/lang/Object;)Ljava/util/HashMap$Node; @ 84
Event: 11.762 Thread 0x0000000017109000 Uncommon trap: reason=unstable_if action=reinterpret pc=0x00000000028cfe18 method=java.util.HashMap.putVal(ILjava/lang/Object;Ljava/lang/Object;ZZ)Ljava/lang/Object; @ 109

Internal exceptions (7 events):
Event: 0.054 Thread 0x0000000002271000 Exception <a 'java/lang/NoSuchMethodError': Method sun.misc.Unsafe.defineClass(Ljava/lang/String;[BII)Ljava/lang/Class; name or signature does not match> (0x00000000eab07cc0) thrown at [C:\re\workspace\8-2-build-windows-amd64-cygwin\jdk8u74\6087\hotspot\srWTËÆ³«?
Event: 0.054 Thread 0x0000000002271000 Exception <a 'java/lang/NoSuchMethodError': Method sun.misc.Unsafe.prefetchRead(Ljava/lang/Object;J)V name or signature does not match> (0x00000000eab07fa8) thrown at [C:\re\workspace\8-2-build-windows-amd64-cygwin\jdk8u74\6087\hotspot\src\share\vm\prims\j3yâ¼
@
Event: 6.260 Thread 0x0000000017109000 Implicit null exception at 0x000000000293b3ce to 0x000000000293d051
Event: 8.282 Thread 0x0000000017b85000 Implicit null exception at 0x00000000028f0eb3 to 0x00000000028f200d
Event: 11.678 Thread 0x0000000017b85000 Exception <a 'java/lang/ArrayIndexOutOfBoundsException': 18> (0x00000000eb4ebc00) thrown at [C:\re\workspace\8-2-build-windows-amd64-cygwin\jdk8u74\6087\hotspot\src\share\vm\interpreter\interpreterRuntime.cpp, line 366]
Event: 11.679 Thread 0x0000000017b85000 Exception <a 'java/lang/ArrayIndexOutOfBoundsException': 145> (0x00000000eb4ed780) thrown at [C:\re\workspace\8-2-build-windows-amd64-cygwin\jdk8u74\6087\hotspot\src\share\vm\interpreter\interpreterRuntime.cpp, line 366]
Event: 11.680 Thread 0x0000000017b85000 Exception <a 'java/lang/ArrayIndexOutOfBoundsException'> (0x00000000eb4eea68) thrown at [C:\re\workspace\8-2-build-windows-amd64-cygwin\jdk8u74\6087\hotspot\src\share\vm\runtime\sharedRuntime.cpp, line 605]

Events (10 events):
Event: 11.680 loading class sun/reflect/generics/reflectiveObjects/TypeVariableImpl
Event: 11.680 loading class sun/reflect/generics/reflectiveObjects/LazyReflectiveObjectGenerator
Event: 11.680 loading class sun/reflect/generics/reflectiveObjects/LazyReflectiveObjectGenerator done
Event: 11.680 loading class sun/reflect/generics/reflectiveObjects/TypeVariableImpl done
Event: 11.680 Thread 0x0000000017b85000 Uncommon trap: trap_request=0xffffff65 fr.pc=0x000000000283fb98
Event: 11.680 Thread 0x0000000017b85000 DEOPT PACKING pc=0x000000000283fb98 sp=0x000000001863e510
Event: 11.680 Thread 0x0000000017b85000 DEOPT UNPACKING pc=0x00000000023b582a sp=0x000000001863e498 mode 2
Event: 11.762 Thread 0x0000000017109000 Uncommon trap: trap_request=0xffffff65 fr.pc=0x00000000028cfe18
Event: 11.762 Thread 0x0000000017109000 DEOPT PACKING pc=0x00000000028cfe18 sp=0x000000001883ea60
Event: 11.762 Thread 0x0000000017109000 DEOPT UNPACKING pc=0x00000000023b582a sp=0x000000001883e9f0 mode 2


Dynamic libraries:
0x00007ff74d570000 - 0x00007ff74d5a7000 	C:\Program Files\Java\jdk1.8.0_74\bin\java.exe
0x00007ff9f4050000 - 0x00007ff9f4211000 	C:\Windows\SYSTEM32\ntdll.dll
0x00007ff9f3ba0000 - 0x00007ff9f3c4d000 	C:\Windows\system32\KERNEL32.DLL
0x00007ff9f1090000 - 0x00007ff9f1278000 	C:\Windows\system32\KERNELBASE.dll
0x00007ff9f2f10000 - 0x00007ff9f2fb7000 	C:\Windows\system32\ADVAPI32.dll
0x00007ff9f3b00000 - 0x00007ff9f3b9d000 	C:\Windows\system32\msvcrt.dll
0x00007ff9f2d20000 - 0x00007ff9f2d7b000 	C:\Windows\system32\sechost.dll
0x00007ff9f3c50000 - 0x00007ff9f3d6c000 	C:\Windows\system32\RPCRT4.dll
0x00007ff9f3840000 - 0x00007ff9f3996000 	C:\Windows\system32\USER32.dll
0x00007ff9f2d80000 - 0x00007ff9f2f06000 	C:\Windows\system32\GDI32.dll
0x00007ff9ec680000 - 0x00007ff9ec8f4000 	C:\Windows\WinSxS\amd64_microsoft.windows.common-controls_6595b64144ccf1df_6.0.10586.0_none_8c15ae12515e1c22\COMCTL32.dll
0x00007ff9f2a20000 - 0x00007ff9f2c9d000 	C:\Windows\system32\combase.dll
0x00007ff9f1350000 - 0x00007ff9f13ba000 	C:\Windows\system32\bcryptPrimitives.dll
0x00007ff9f35a0000 - 0x00007ff9f35db000 	C:\Windows\system32\IMM32.DLL
0x0000000058080000 - 0x0000000058152000 	C:\Program Files\Java\jdk1.8.0_74\jre\bin\msvcr100.dll
0x00000000585e0000 - 0x0000000058e70000 	C:\Program Files\Java\jdk1.8.0_74\jre\bin\server\jvm.dll
0x00007ff9f3d70000 - 0x00007ff9f3d78000 	C:\Windows\system32\PSAPI.DLL
0x00007ff9e9550000 - 0x00007ff9e9559000 	C:\Windows\SYSTEM32\WSOCK32.dll
0x00007ff9f3090000 - 0x00007ff9f30fb000 	C:\Windows\system32\WS2_32.dll
0x00007ff9ec9c0000 - 0x00007ff9ec9ca000 	C:\Windows\SYSTEM32\VERSION.dll
0x00007ff9ee770000 - 0x00007ff9ee793000 	C:\Windows\SYSTEM32\WINMM.dll
0x00007ff9ee710000 - 0x00007ff9ee73c000 	C:\Windows\SYSTEM32\WINMMBASE.dll
0x00007ff9f1040000 - 0x00007ff9f1083000 	C:\Windows\system32\cfgmgr32.dll
0x00000000584f0000 - 0x00000000584ff000 	C:\Program Files\Java\jdk1.8.0_74\jre\bin\verify.dll
0x00000000584c0000 - 0x00000000584e9000 	C:\Program Files\Java\jdk1.8.0_74\jre\bin\java.dll
0x00000000584a0000 - 0x00000000584b6000 	C:\Program Files\Java\jdk1.8.0_74\jre\bin\zip.dll
0x00007ff9f1450000 - 0x00007ff9f29ac000 	C:\Windows\system32\SHELL32.dll
0x00007ff9f0760000 - 0x00007ff9f0da5000 	C:\Windows\system32\windows.storage.dll
0x00007ff9f2cc0000 - 0x00007ff9f2d12000 	C:\Windows\system32\shlwapi.dll
0x00007ff9f06f0000 - 0x00007ff9f06ff000 	C:\Windows\system32\kernel.appcore.dll
0x00007ff9f0db0000 - 0x00007ff9f0e65000 	C:\Windows\system32\shcore.dll
0x00007ff9f0670000 - 0x00007ff9f06bb000 	C:\Windows\system32\powrprof.dll
0x00007ff9f06d0000 - 0x00007ff9f06e4000 	C:\Windows\system32\profapi.dll

VM Arguments:
jvm_args: -Djava.awt.headless=true -Xmx1024M -Dfile.encoding=windows-1251 -Duser.country=RU -Duser.language=ru -Duser.variant 
java_command: com.android.dx.command.Main --dex --num-threads=4 --output C:\Works\Android\JustDoIt\app\build\intermediates\pre-dexed\debug\firebase-client-jvm-2.5.2_99d8da5a79dcd912807d1cbe16c238a6470ce380.jar C:\Users\Aleksey\.gradle\caches\modules-2\files-2.1\com.firebase\firebase-client-jvm\2.5.2\91731b8f5868a3e8a8a773f29b8d06b5c358f5bb\firebase-client-jvm-2.5.2.jar
java_class_path (initial): C:\Users\Aleksey\AppData\Local\Android\sdk\build-tools\23.0.2\lib\dx.jar
Launcher Type: SUN_STANDARD

Environment Variables:
PATH=C:\ProgramData\Oracle\Java\javapath;C:\Windows\system32;C:\Windows;C:\Windows\System32\Wbem;C:\Windows\System32\WindowsPowerShell\v1.0\;C:\Program Files (x86)\Skype\Phone\;C:\Windows\system32\config\systemprofile\.dnx\bin;C:\Program Files\Microsoft DNX\Dnvm\;C:\Program Files (x86)\GtkSharp\2.12\bin;C:\Program Files (x86)\Windows Kits\8.1\Windows Performance Toolkit\;C:\Users\Aleksey\AppData\Local\atom\bin
USERNAME=Aleksey
OS=Windows_NT
PROCESSOR_IDENTIFIER=Intel64 Family 6 Model 58 Stepping 9, GenuineIntel



---------------  S Y S T E M  ---------------

OS: Windows 10.0 , 64 bit Build 10586 (10.0.10586.0)

CPU:total 8 (4 cores per cpu, 2 threads per core) family 6 model 58 stepping 9, cmov, cx8, fxsr, mmx, sse, sse2, sse3, ssse3, sse4.1, sse4.2, popcnt, avx, aes, clmul, erms, ht, tsc, tscinvbit, tscinv

Memory: 4k page, physical 8282604k(673488k free), swap 12476908k(5188k free)

vm_info: Java HotSpot(TM) 64-Bit Server VM (25.74-b02) for windows-amd64 JRE (1.8.0_74-b02), built on Jan 29 2016 17:42:36 by "java_re" with MS VC++ 10.0 (VS2010)

time: Wed Mar 23 19:19:15 2016
elapsed time: 12 seconds (0d 0h 0m 12s)

