#
# There is insufficient memory for the Java Runtime Environment to continue.
# Native memory allocation (malloc) failed to allocate 602016 bytes for Chunk::new
# Possible reasons:
#   The system is out of physical RAM or swap space
#   In 32 bit mode, the process size limit was hit
# Possible solutions:
#   Reduce memory load on the system
#   Increase physical memory or swap space
#   Check if swap backing store is full
#   Use 64 bit Java on a 64 bit OS
#   Decrease Java heap size (-Xmx/-Xms)
#   Decrease number of Java threads
#   Decrease Java thread stack sizes (-Xss)
#   Set larger code cache with -XX:ReservedCodeCacheSize=
# This output file may be truncated or incomplete.
#
#  Out of Memory Error (allocation.cpp:390), pid=9944, tid=9740
#
# JRE version: Java(TM) SE Runtime Environment (8.0_74-b02) (build 1.8.0_74-b02)
# Java VM: Java HotSpot(TM) 64-Bit Server VM (25.74-b02 mixed mode windows-amd64 compressed oops)
# Failed to write core dump. Minidumps are not enabled by default on client versions of Windows
#

---------------  T H R E A D  ---------------

Current thread (0x0000000016cd8000):  JavaThread "C2 CompilerThread0" daemon [_thread_in_native, id=9740, stack(0x00000000174a0000,0x00000000175a0000)]

Stack: [0x00000000174a0000,0x00000000175a0000]
[error occurred during error reporting (printing stack bounds), id 0xc0000005]

Native frames: (J=compiled Java code, j=interpreted, Vv=VM code, C=native code)


Current CompileTask:
C2:  11354 2130       4       com.android.dx.ssa.PhiTypeResolver::run (179 bytes)


---------------  P R O C E S S  ---------------

Java Threads: ( => current thread )
  0x0000000017acd000 JavaThread "pool-1-thread-4" [_thread_blocked, id=6596, stack(0x00000000186a0000,0x00000000187a0000)]
  0x0000000017ac2800 JavaThread "pool-1-thread-3" [_thread_blocked, id=9876, stack(0x00000000185a0000,0x00000000186a0000)]
  0x0000000017ab6000 JavaThread "pool-1-thread-2" [_thread_blocked, id=10164, stack(0x00000000184a0000,0x00000000185a0000)]
  0x0000000017aa7000 JavaThread "pool-2-thread-1" [_thread_blocked, id=3244, stack(0x00000000183a0000,0x00000000184a0000)]
  0x0000000017aa2800 JavaThread "pool-1-thread-1" [_thread_blocked, id=3936, stack(0x00000000182a0000,0x00000000183a0000)]
  0x0000000016cf1000 JavaThread "Service Thread" daemon [_thread_blocked, id=8012, stack(0x00000000178a0000,0x00000000179a0000)]
  0x0000000016ce3000 JavaThread "C1 CompilerThread3" daemon [_thread_blocked, id=8988, stack(0x00000000177a0000,0x00000000178a0000)]
  0x0000000016cdc800 JavaThread "C2 CompilerThread2" daemon [_thread_blocked, id=10268, stack(0x00000000176a0000,0x00000000177a0000)]
  0x0000000016cdb800 JavaThread "C2 CompilerThread1" daemon [_thread_in_native, id=8176, stack(0x00000000175a0000,0x00000000176a0000)]
=>0x0000000016cd8000 JavaThread "C2 CompilerThread0" daemon [_thread_in_native, id=9740, stack(0x00000000174a0000,0x00000000175a0000)]
  0x0000000016cd5800 JavaThread "Attach Listener" daemon [_thread_blocked, id=10400, stack(0x00000000173a0000,0x00000000174a0000)]
  0x0000000014dfe800 JavaThread "Signal Dispatcher" daemon [_thread_blocked, id=1304, stack(0x00000000172a0000,0x00000000173a0000)]
  0x0000000016cd0800 JavaThread "Finalizer" daemon [_thread_blocked, id=9868, stack(0x00000000170b0000,0x00000000171b0000)]
  0x00000000022c6000 JavaThread "Reference Handler" daemon [_thread_blocked, id=6648, stack(0x0000000016bb0000,0x0000000016cb0000)]
  0x00000000021d1000 JavaThread "main" [_thread_blocked, id=8248, stack(0x0000000002030000,0x0000000002130000)]

Other Threads:
  0x0000000014de9800 VMThread [stack: 0x0000000016ab0000,0x0000000016bb0000] [id=10472]
  0x0000000016d69000 WatcherThread [stack: 0x00000000179a0000,0x0000000017aa0000] [id=10560]

VM state:not at safepoint (normal execution)

VM Mutex/Monitor currently owned by a thread: None

Heap:
 PSYoungGen      total 138240K, used 82952K [0x00000000eab00000, 0x00000000f3700000, 0x0000000100000000)
  eden space 133120K, 58% used [0x00000000eab00000,0x00000000ef704168,0x00000000f2d00000)
  from space 5120K, 99% used [0x00000000f3200000,0x00000000f36fe0a8,0x00000000f3700000)
  to   space 5120K, 0% used [0x00000000f2d00000,0x00000000f2d00000,0x00000000f3200000)
 ParOldGen       total 87552K, used 26244K [0x00000000c0000000, 0x00000000c5580000, 0x00000000eab00000)
  object space 87552K, 29% used [0x00000000c0000000,0x00000000c19a1380,0x00000000c5580000)
 Metaspace       used 6438K, capacity 7192K, committed 7424K, reserved 1056768K
  class space    used 621K, capacity 656K, committed 768K, reserved 1048576K

Card table byte_map: [0x0000000011690000,0x00000000118a0000] byte_map_base: 0x0000000011090000

Marking Bits: (ParMarkBitMap*) 0x0000000058df0600
 Begin Bits: [0x0000000012200000, 0x0000000013200000)
 End Bits:   [0x0000000013200000, 0x0000000014200000)

Polling page: 0x0000000000890000

CodeCache: size=245760Kb used=10187Kb max_used=10187Kb free=235572Kb
 bounds [0x00000000022d0000, 0x0000000002cd0000, 0x00000000112d0000]
 total_blobs=2347 nmethods=2078 adapters=181
 compilation: enabled

Compilation events (10 events):
Event: 11.314 Thread 0x0000000016ce3000 nmethod 2125 0x0000000002c865d0 code [0x0000000002c86760, 0x0000000002c86b88]
Event: 11.314 Thread 0x0000000016ce3000 2126       3       java.util.concurrent.locks.AbstractQueuedSynchronizer$Node::<init> (15 bytes)
Event: 11.314 Thread 0x0000000016ce3000 nmethod 2126 0x0000000002cc8090 code [0x0000000002cc81e0, 0x0000000002cc83b0]
Event: 11.316 Thread 0x0000000016ce3000 2127       3       java.util.concurrent.locks.AbstractQueuedSynchronizer::transferForSignal (45 bytes)
Event: 11.317 Thread 0x0000000016ce3000 nmethod 2127 0x0000000002cc7890 code [0x0000000002cc7a20, 0x0000000002cc7ed8]
Event: 11.317 Thread 0x0000000016ce3000 2128   !   3       java.util.zip.Inflater::setInput (74 bytes)
Event: 11.317 Thread 0x0000000016ce3000 nmethod 2128 0x0000000002cc6f90 code [0x0000000002cc7120, 0x0000000002cc7698]
Event: 11.317 Thread 0x0000000016ce3000 2129       3       java.util.concurrent.locks.AbstractQueuedSynchronizer$ConditionObject::checkInterruptWhileWaiting (27 bytes)
Event: 11.318 Thread 0x0000000016ce3000 nmethod 2129 0x0000000002cc6510 code [0x0000000002cc66e0, 0x0000000002cc6d38]
Event: 11.322 Thread 0x0000000016cd8000 2130       4       com.android.dx.ssa.PhiTypeResolver::run (179 bytes)

GC Heap History (8 events):
Event: 2.839 GC heap before
{Heap before GC invocations=1 (full 0):
 PSYoungGen      total 38400K, used 33280K [0x00000000eab00000, 0x00000000ed580000, 0x0000000100000000)
  eden space 33280K, 100% used [0x00000000eab00000,0x00000000ecb80000,0x00000000ecb80000)
  from space 5120K, 0% used [0x00000000ed080000,0x00000000ed080000,0x00000000ed580000)
  to   space 5120K, 0% used [0x00000000ecb80000,0x00000000ecb80000,0x00000000ed080000)
 ParOldGen       total 87552K, used 0K [0x00000000c0000000, 0x00000000c5580000, 0x00000000eab00000)
  object space 87552K, 0% used [0x00000000c0000000,0x00000000c0000000,0x00000000c5580000)
 Metaspace       used 5901K, capacity 6834K, committed 7040K, reserved 1056768K
  class space    used 598K, capacity 618K, committed 640K, reserved 1048576K
Event: 3.321 GC heap after
Heap after GC invocations=1 (full 0):
 PSYoungGen      total 38400K, used 5098K [0x00000000eab00000, 0x00000000ef600000, 0x0000000100000000)
  eden space 33280K, 0% used [0x00000000eab00000,0x00000000eab00000,0x00000000ecb80000)
  from space 5120K, 99% used [0x00000000ecb80000,0x00000000ed07abb8,0x00000000ed080000)
  to   space 5120K, 0% used [0x00000000ef100000,0x00000000ef100000,0x00000000ef600000)
 ParOldGen       total 87552K, used 1293K [0x00000000c0000000, 0x00000000c5580000, 0x00000000eab00000)
  object space 87552K, 1% used [0x00000000c0000000,0x00000000c0143748,0x00000000c5580000)
 Metaspace       used 5901K, capacity 6834K, committed 7040K, reserved 1056768K
  class space    used 598K, capacity 618K, committed 640K, reserved 1048576K
}
Event: 3.833 GC heap before
{Heap before GC invocations=2 (full 0):
 PSYoungGen      total 38400K, used 38378K [0x00000000eab00000, 0x00000000ef600000, 0x0000000100000000)
  eden space 33280K, 100% used [0x00000000eab00000,0x00000000ecb80000,0x00000000ecb80000)
  from space 5120K, 99% used [0x00000000ecb80000,0x00000000ed07abb8,0x00000000ed080000)
  to   space 5120K, 0% used [0x00000000ef100000,0x00000000ef100000,0x00000000ef600000)
 ParOldGen       total 87552K, used 1293K [0x00000000c0000000, 0x00000000c5580000, 0x00000000eab00000)
  object space 87552K, 1% used [0x00000000c0000000,0x00000000c0143748,0x00000000c5580000)
 Metaspace       used 6116K, capacity 7026K, committed 7296K, reserved 1056768K
  class space    used 599K, capacity 618K, committed 640K, reserved 1048576K
Event: 4.891 GC heap after
Heap after GC invocations=2 (full 0):
 PSYoungGen      total 71680K, used 5113K [0x00000000eab00000, 0x00000000ef600000, 0x0000000100000000)
  eden space 66560K, 0% used [0x00000000eab00000,0x00000000eab00000,0x00000000eec00000)
  from space 5120K, 99% used [0x00000000ef100000,0x00000000ef5fe420,0x00000000ef600000)
  to   space 5120K, 0% used [0x00000000eec00000,0x00000000eec00000,0x00000000ef100000)
 ParOldGen       total 87552K, used 5617K [0x00000000c0000000, 0x00000000c5580000, 0x00000000eab00000)
  object space 87552K, 6% used [0x00000000c0000000,0x00000000c057c7d0,0x00000000c5580000)
 Metaspace       used 6116K, capacity 7026K, committed 7296K, reserved 1056768K
  class space    used 599K, capacity 618K, committed 640K, reserved 1048576K
}
Event: 7.181 GC heap before
{Heap before GC invocations=3 (full 0):
 PSYoungGen      total 71680K, used 71673K [0x00000000eab00000, 0x00000000ef600000, 0x0000000100000000)
  eden space 66560K, 100% used [0x00000000eab00000,0x00000000eec00000,0x00000000eec00000)
  from space 5120K, 99% used [0x00000000ef100000,0x00000000ef5fe420,0x00000000ef600000)
  to   space 5120K, 0% used [0x00000000eec00000,0x00000000eec00000,0x00000000ef100000)
 ParOldGen       total 87552K, used 5617K [0x00000000c0000000, 0x00000000c5580000, 0x00000000eab00000)
  object space 87552K, 6% used [0x00000000c0000000,0x00000000c057c7d0,0x00000000c5580000)
 Metaspace       used 6200K, capacity 7090K, committed 7296K, reserved 1056768K
  class space    used 600K, capacity 618K, committed 640K, reserved 1048576K
Event: 7.474 GC heap after
Heap after GC invocations=3 (full 0):
 PSYoungGen      total 71680K, used 5096K [0x00000000eab00000, 0x00000000f3700000, 0x0000000100000000)
  eden space 66560K, 0% used [0x00000000eab00000,0x00000000eab00000,0x00000000eec00000)
  from space 5120K, 99% used [0x00000000eec00000,0x00000000ef0fa038,0x00000000ef100000)
  to   space 5120K, 0% used [0x00000000f3200000,0x00000000f3200000,0x00000000f3700000)
 ParOldGen       total 87552K, used 15221K [0x00000000c0000000, 0x00000000c5580000, 0x00000000eab00000)
  object space 87552K, 17% used [0x00000000c0000000,0x00000000c0edd450,0x00000000c5580000)
 Metaspace       used 6200K, capacity 7090K, committed 7296K, reserved 1056768K
  class space    used 600K, capacity 618K, committed 640K, reserved 1048576K
}
Event: 9.608 GC heap before
{Heap before GC invocations=4 (full 0):
 PSYoungGen      total 71680K, used 71656K [0x00000000eab00000, 0x00000000f3700000, 0x0000000100000000)
  eden space 66560K, 100% used [0x00000000eab00000,0x00000000eec00000,0x00000000eec00000)
  from space 5120K, 99% used [0x00000000eec00000,0x00000000ef0fa038,0x00000000ef100000)
  to   space 5120K, 0% used [0x00000000f3200000,0x00000000f3200000,0x00000000f3700000)
 ParOldGen       total 87552K, used 15221K [0x00000000c0000000, 0x00000000c5580000, 0x00000000eab00000)
  object space 87552K, 17% used [0x00000000c0000000,0x00000000c0edd450,0x00000000c5580000)
 Metaspace       used 6367K, capacity 7128K, committed 7424K, reserved 1056768K
  class space    used 621K, capacity 656K, committed 768K, reserved 1048576K
Event: 9.826 GC heap after
Heap after GC invocations=4 (full 0):
 PSYoungGen      total 138240K, used 5112K [0x00000000eab00000, 0x00000000f3700000, 0x0000000100000000)
  eden space 133120K, 0% used [0x00000000eab00000,0x00000000eab00000,0x00000000f2d00000)
  from space 5120K, 99% used [0x00000000f3200000,0x00000000f36fe0a8,0x00000000f3700000)
  to   space 5120K, 0% used [0x00000000f2d00000,0x00000000f2d00000,0x00000000f3200000)
 ParOldGen       total 87552K, used 26244K [0x00000000c0000000, 0x00000000c5580000, 0x00000000eab00000)
  object space 87552K, 29% used [0x00000000c0000000,0x00000000c19a1380,0x00000000c5580000)
 Metaspace       used 6367K, capacity 7128K, committed 7424K, reserved 1056768K
  class space    used 621K, capacity 656K, committed 768K, reserved 1048576K
}

Deoptimization events (10 events):
Event: 10.372 Thread 0x0000000017acd000 Uncommon trap: reason=bimorphic action=maybe_recompile pc=0x0000000002954c24 method=com.android.dx.ssa.SCCP.setLatticeValueTo(IILcom/android/dx/rop/cst/Constant;)Z @ 43
Event: 10.372 Thread 0x0000000017acd000 Uncommon trap: reason=bimorphic action=maybe_recompile pc=0x00000000029f690c method=com.android.dx.ssa.SCCP.setLatticeValueTo(IILcom/android/dx/rop/cst/Constant;)Z @ 43
Event: 10.376 Thread 0x0000000017acd000 Uncommon trap: reason=bimorphic action=maybe_recompile pc=0x0000000002954ccc method=com.android.dx.ssa.SCCP.simulatePhi(Lcom/android/dx/ssa/PhiInsn;)V @ 124
Event: 10.376 Thread 0x0000000017acd000 Uncommon trap: reason=bimorphic action=maybe_recompile pc=0x0000000002954c24 method=com.android.dx.ssa.SCCP.setLatticeValueTo(IILcom/android/dx/rop/cst/Constant;)Z @ 43
Event: 10.376 Thread 0x0000000017acd000 Uncommon trap: reason=bimorphic action=maybe_recompile pc=0x0000000002954c24 method=com.android.dx.ssa.SCCP.setLatticeValueTo(IILcom/android/dx/rop/cst/Constant;)Z @ 43
Event: 10.376 Thread 0x0000000017acd000 Uncommon trap: reason=bimorphic action=maybe_recompile pc=0x00000000029f690c method=com.android.dx.ssa.SCCP.setLatticeValueTo(IILcom/android/dx/rop/cst/Constant;)Z @ 43
Event: 10.377 Thread 0x0000000017acd000 Uncommon trap: reason=bimorphic action=maybe_recompile pc=0x00000000028478fc method=java.util.HashMap.putVal(ILjava/lang/Object;Ljava/lang/Object;ZZ)Ljava/lang/Object; @ 91
Event: 10.377 Thread 0x0000000017acd000 Uncommon trap: reason=bimorphic action=maybe_recompile pc=0x0000000002b2c808 method=java.util.HashMap.getNode(ILjava/lang/Object;)Ljava/util/HashMap$Node; @ 126
Event: 10.793 Thread 0x0000000017aa2800 Uncommon trap: reason=unstable_if action=reinterpret pc=0x0000000002a41e6c method=com.android.dx.cf.code.Merger.mergeType(Lcom/android/dx/rop/type/TypeBearer;Lcom/android/dx/rop/type/TypeBearer;)Lcom/android/dx/rop/type/TypeBearer; @ 52
Event: 10.793 Thread 0x0000000017aa2800 Uncommon trap: reason=unstable_if action=reinterpret pc=0x00000000029cf718 method=com.android.dx.cf.code.Merger.mergeType(Lcom/android/dx/rop/type/TypeBearer;Lcom/android/dx/rop/type/TypeBearer;)Lcom/android/dx/rop/type/TypeBearer; @ 52

Internal exceptions (6 events):
Event: 0.105 Thread 0x00000000021d1000 Exception <a 'java/lang/NoSuchMethodError': Method sun.misc.Unsafe.defineClass(Ljava/lang/String;[BII)Ljava/lang/Class; name or signature does not match> (0x00000000eab07cc0) thrown at [C:\re\workspace\8-2-build-windows-amd64-cygwin\jdk8u74\6087\hotspot\srf9éðÛìº?
Event: 0.105 Thread 0x00000000021d1000 Exception <a 'java/lang/NoSuchMethodError': Method sun.misc.Unsafe.prefetchRead(Ljava/lang/Object;J)V name or signature does not match> (0x00000000eab07fa8) thrown at [C:\re\workspace\8-2-build-windows-amd64-cygwin\jdk8u74\6087\hotspot\src\share\vm\prims\j$Û‹¾ @
Event: 3.765 Thread 0x0000000017ac2800 Implicit null exception at 0x00000000025da762 to 0x00000000025da852
Event: 8.866 Thread 0x0000000017aa2800 Exception <a 'java/lang/ArrayIndexOutOfBoundsException': 18> (0x00000000ec6f75c0) thrown at [C:\re\workspace\8-2-build-windows-amd64-cygwin\jdk8u74\6087\hotspot\src\share\vm\interpreter\interpreterRuntime.cpp, line 366]
Event: 8.867 Thread 0x0000000017aa2800 Exception <a 'java/lang/ArrayIndexOutOfBoundsException'> (0x00000000ec6f9140) thrown at [C:\re\workspace\8-2-build-windows-amd64-cygwin\jdk8u74\6087\hotspot\src\share\vm\runtime\sharedRuntime.cpp, line 605]
Event: 8.881 Thread 0x0000000017aa2800 Exception <a 'java/lang/ArrayIndexOutOfBoundsException'> (0x00000000ec6fa428) thrown at [C:\re\workspace\8-2-build-windows-amd64-cygwin\jdk8u74\6087\hotspot\src\share\vm\runtime\sharedRuntime.cpp, line 605]

Events (10 events):
Event: 10.377 Thread 0x0000000017acd000 DEOPT PACKING pc=0x0000000002b2c808 sp=0x000000001879e930
Event: 10.377 Thread 0x0000000017acd000 DEOPT UNPACKING pc=0x000000000231582a sp=0x000000001879e800 mode 2
Event: 10.378 Thread 0x0000000017acd000 DEOPT PACKING pc=0x0000000002aa8e45 sp=0x000000001879e980
Event: 10.378 Thread 0x0000000017acd000 DEOPT UNPACKING pc=0x000000000231787f sp=0x000000001879e7c0 mode 0
Event: 10.793 Thread 0x0000000017aa2800 Uncommon trap: trap_request=0xffffff65 fr.pc=0x0000000002a41e6c
Event: 10.793 Thread 0x0000000017aa2800 DEOPT PACKING pc=0x0000000002a41e6c sp=0x000000001839ed20
Event: 10.793 Thread 0x0000000017aa2800 DEOPT UNPACKING pc=0x000000000231582a sp=0x000000001839eb20 mode 2
Event: 10.793 Thread 0x0000000017aa2800 Uncommon trap: trap_request=0xffffff65 fr.pc=0x00000000029cf718
Event: 10.793 Thread 0x0000000017aa2800 DEOPT PACKING pc=0x00000000029cf718 sp=0x000000001839eb20
Event: 10.793 Thread 0x0000000017aa2800 DEOPT UNPACKING pc=0x000000000231582a sp=0x000000001839eab0 mode 2


Dynamic libraries:
0x00007ff74d570000 - 0x00007ff74d5a7000 	C:\Program Files\Java\jdk1.8.0_74\bin\java.exe
0x00007ff9f4050000 - 0x00007ff9f4211000 	C:\Windows\SYSTEM32\ntdll.dll
0x00007ff9f3ba0000 - 0x00007ff9f3c4d000 	C:\Windows\system32\KERNEL32.DLL
0x00007ff9f1090000 - 0x00007ff9f1278000 	C:\Windows\system32\KERNELBASE.dll
0x00007ff9f2f10000 - 0x00007ff9f2fb7000 	C:\Windows\system32\ADVAPI32.dll
0x00007ff9f3b00000 - 0x00007ff9f3b9d000 	C:\Windows\system32\msvcrt.dll
0x00007ff9f2d20000 - 0x00007ff9f2d7b000 	C:\Windows\system32\sechost.dll
0x00007ff9f3c50000 - 0x00007ff9f3d6c000 	C:\Windows\system32\RPCRT4.dll
0x00007ff9f3840000 - 0x00007ff9f3996000 	C:\Windows\system32\USER32.dll
0x00007ff9f2d80000 - 0x00007ff9f2f06000 	C:\Windows\system32\GDI32.dll
0x00007ff9ec680000 - 0x00007ff9ec8f4000 	C:\Windows\WinSxS\amd64_microsoft.windows.common-controls_6595b64144ccf1df_6.0.10586.0_none_8c15ae12515e1c22\COMCTL32.dll
0x00007ff9f2a20000 - 0x00007ff9f2c9d000 	C:\Windows\system32\combase.dll
0x00007ff9f1350000 - 0x00007ff9f13ba000 	C:\Windows\system32\bcryptPrimitives.dll
0x00007ff9f35a0000 - 0x00007ff9f35db000 	C:\Windows\system32\IMM32.DLL
0x0000000058080000 - 0x0000000058152000 	C:\Program Files\Java\jdk1.8.0_74\jre\bin\msvcr100.dll
0x00000000585e0000 - 0x0000000058e70000 	C:\Program Files\Java\jdk1.8.0_74\jre\bin\server\jvm.dll
0x00007ff9f3d70000 - 0x00007ff9f3d78000 	C:\Windows\system32\PSAPI.DLL
0x00007ff9e9550000 - 0x00007ff9e9559000 	C:\Windows\SYSTEM32\WSOCK32.dll
0x00007ff9f3090000 - 0x00007ff9f30fb000 	C:\Windows\system32\WS2_32.dll
0x00007ff9ee770000 - 0x00007ff9ee793000 	C:\Windows\SYSTEM32\WINMM.dll
0x00007ff9ec9c0000 - 0x00007ff9ec9ca000 	C:\Windows\SYSTEM32\VERSION.dll
0x00007ff9ee710000 - 0x00007ff9ee73c000 	C:\Windows\SYSTEM32\WINMMBASE.dll
0x00007ff9f1040000 - 0x00007ff9f1083000 	C:\Windows\system32\cfgmgr32.dll
0x00000000584f0000 - 0x00000000584ff000 	C:\Program Files\Java\jdk1.8.0_74\jre\bin\verify.dll
0x00000000584c0000 - 0x00000000584e9000 	C:\Program Files\Java\jdk1.8.0_74\jre\bin\java.dll
0x00000000584a0000 - 0x00000000584b6000 	C:\Program Files\Java\jdk1.8.0_74\jre\bin\zip.dll
0x00007ff9f1450000 - 0x00007ff9f29ac000 	C:\Windows\system32\SHELL32.dll
0x00007ff9f0760000 - 0x00007ff9f0da5000 	C:\Windows\system32\windows.storage.dll
0x00007ff9f2cc0000 - 0x00007ff9f2d12000 	C:\Windows\system32\shlwapi.dll
0x00007ff9f06f0000 - 0x00007ff9f06ff000 	C:\Windows\system32\kernel.appcore.dll
0x00007ff9f0db0000 - 0x00007ff9f0e65000 	C:\Windows\system32\shcore.dll
0x00007ff9f0670000 - 0x00007ff9f06bb000 	C:\Windows\system32\powrprof.dll
0x00007ff9f06d0000 - 0x00007ff9f06e4000 	C:\Windows\system32\profapi.dll

VM Arguments:
jvm_args: -Djava.awt.headless=true -Xmx1024M -Dfile.encoding=windows-1251 -Duser.country=RU -Duser.language=ru -Duser.variant 
java_command: com.android.dx.command.Main --dex --num-threads=4 --output C:\Works\Android\JustDoIt\app\build\intermediates\pre-dexed\debug\jackson-databind-2.2.2_3678112d03fb2ccc8aef0b11bc58ecc47034e17a.jar C:\Users\Aleksey\.gradle\caches\modules-2\files-2.1\com.fasterxml.jackson.core\jackson-databind\2.2.2\3c8f6018eaa72d43b261181e801e6f8676c16ef6\jackson-databind-2.2.2.jar
java_class_path (initial): C:\Users\Aleksey\AppData\Local\Android\sdk\build-tools\23.0.2\lib\dx.jar
Launcher Type: SUN_STANDARD

Environment Variables:
PATH=C:\ProgramData\Oracle\Java\javapath;C:\Windows\system32;C:\Windows;C:\Windows\System32\Wbem;C:\Windows\System32\WindowsPowerShell\v1.0\;C:\Program Files (x86)\Skype\Phone\;C:\Windows\system32\config\systemprofile\.dnx\bin;C:\Program Files\Microsoft DNX\Dnvm\;C:\Program Files (x86)\GtkSharp\2.12\bin;C:\Program Files (x86)\Windows Kits\8.1\Windows Performance Toolkit\;C:\Users\Aleksey\AppData\Local\atom\bin
USERNAME=Aleksey
OS=Windows_NT
PROCESSOR_IDENTIFIER=Intel64 Family 6 Model 58 Stepping 9, GenuineIntel



---------------  S Y S T E M  ---------------

OS: Windows 10.0 , 64 bit Build 10586 (10.0.10586.0)

CPU:total 8 (4 cores per cpu, 2 threads per core) family 6 model 58 stepping 9, cmov, cx8, fxsr, mmx, sse, sse2, sse3, ssse3, sse4.1, sse4.2, popcnt, avx, aes, clmul, erms, ht, tsc, tscinvbit, tscinv

Memory: 4k page, physical 8282604k(845100k free), swap 12476908k(5144k free)

vm_info: Java HotSpot(TM) 64-Bit Server VM (25.74-b02) for windows-amd64 JRE (1.8.0_74-b02), built on Jan 29 2016 17:42:36 by "java_re" with MS VC++ 10.0 (VS2010)

time: Wed Mar 23 19:16:02 2016
elapsed time: 11 seconds (0d 0h 0m 11s)

