#
# There is insufficient memory for the Java Runtime Environment to continue.
# Native memory allocation (malloc) failed to allocate 637856 bytes for Chunk::new
# Possible reasons:
#   The system is out of physical RAM or swap space
#   In 32 bit mode, the process size limit was hit
# Possible solutions:
#   Reduce memory load on the system
#   Increase physical memory or swap space
#   Check if swap backing store is full
#   Use 64 bit Java on a 64 bit OS
#   Decrease Java heap size (-Xmx/-Xms)
#   Decrease number of Java threads
#   Decrease Java thread stack sizes (-Xss)
#   Set larger code cache with -XX:ReservedCodeCacheSize=
# This output file may be truncated or incomplete.
#
#  Out of Memory Error (allocation.cpp:390), pid=8524, tid=10984
#
# JRE version: Java(TM) SE Runtime Environment (8.0_74-b02) (build 1.8.0_74-b02)
# Java VM: Java HotSpot(TM) 64-Bit Server VM (25.74-b02 mixed mode windows-amd64 compressed oops)
# Failed to write core dump. Minidumps are not enabled by default on client versions of Windows
#

---------------  T H R E A D  ---------------

Current thread (0x0000000016de4800):  JavaThread "C2 CompilerThread2" daemon [_thread_in_native, id=10984, stack(0x00000000177a0000,0x00000000178a0000)]

Stack: [0x00000000177a0000,0x00000000178a0000]
[error occurred during error reporting (printing stack bounds), id 0xc0000005]

Native frames: (J=compiled Java code, j=interpreted, Vv=VM code, C=native code)


Current CompileTask:
C2:  10480 2081   !   4       com.android.dx.cf.code.Ropper::processBlock (1101 bytes)


---------------  P R O C E S S  ---------------

Java Threads: ( => current thread )
  0x0000000017154800 JavaThread "pool-1-thread-4" [_thread_in_Java, id=8580, stack(0x00000000187a0000,0x00000000188a0000)]
  0x0000000017153800 JavaThread "pool-1-thread-3" [_thread_blocked, id=7004, stack(0x00000000186a0000,0x00000000187a0000)]
  0x0000000017150000 JavaThread "pool-1-thread-2" [_thread_blocked, id=9640, stack(0x00000000185a0000,0x00000000186a0000)]
  0x00000000170bc800 JavaThread "pool-2-thread-1" [_thread_blocked, id=8576, stack(0x00000000184a0000,0x00000000185a0000)]
  0x00000000170bc000 JavaThread "pool-1-thread-1" [_thread_in_vm, id=6064, stack(0x00000000183a0000,0x00000000184a0000)]
  0x0000000016e4d800 JavaThread "Service Thread" daemon [_thread_blocked, id=6484, stack(0x00000000179a0000,0x0000000017aa0000)]
  0x0000000016de5800 JavaThread "C1 CompilerThread3" daemon [_thread_blocked, id=10224, stack(0x00000000178a0000,0x00000000179a0000)]
=>0x0000000016de4800 JavaThread "C2 CompilerThread2" daemon [_thread_in_native, id=10984, stack(0x00000000177a0000,0x00000000178a0000)]
  0x0000000016de2800 JavaThread "C2 CompilerThread1" daemon [_thread_in_native, id=9804, stack(0x00000000176a0000,0x00000000177a0000)]
  0x0000000016ddf000 JavaThread "C2 CompilerThread0" daemon [_thread_in_native, id=9140, stack(0x00000000175a0000,0x00000000176a0000)]
  0x0000000016ddc800 JavaThread "Attach Listener" daemon [_thread_blocked, id=1132, stack(0x00000000174a0000,0x00000000175a0000)]
  0x0000000016ddb000 JavaThread "Signal Dispatcher" daemon [_thread_blocked, id=9304, stack(0x00000000173a0000,0x00000000174a0000)]
  0x0000000016dd0800 JavaThread "Finalizer" daemon [_thread_blocked, id=10004, stack(0x00000000171b0000,0x00000000172b0000)]
  0x00000000023b6000 JavaThread "Reference Handler" daemon [_thread_blocked, id=10464, stack(0x0000000016cb0000,0x0000000016db0000)]
  0x00000000022c1000 JavaThread "main" [_thread_blocked, id=11200, stack(0x00000000021c0000,0x00000000022c0000)]

Other Threads:
  0x0000000014ed9800 VMThread [stack: 0x0000000016bb0000,0x0000000016cb0000] [id=6124]
  0x0000000016e64800 WatcherThread [stack: 0x0000000017aa0000,0x0000000017ba0000] [id=10596]

VM state:not at safepoint (normal execution)

VM Mutex/Monitor currently owned by a thread: None

Heap:
 PSYoungGen      total 138240K, used 76054K [0x00000000eab00000, 0x00000000f3700000, 0x0000000100000000)
  eden space 133120K, 53% used [0x00000000eab00000,0x00000000ef04a848,0x00000000f2d00000)
  from space 5120K, 99% used [0x00000000f3200000,0x00000000f36fb1e8,0x00000000f3700000)
  to   space 5120K, 0% used [0x00000000f2d00000,0x00000000f2d00000,0x00000000f3200000)
 ParOldGen       total 87552K, used 27275K [0x00000000c0000000, 0x00000000c5580000, 0x00000000eab00000)
  object space 87552K, 31% used [0x00000000c0000000,0x00000000c1aa2ed0,0x00000000c5580000)
 Metaspace       used 6436K, capacity 7192K, committed 7424K, reserved 1056768K
  class space    used 622K, capacity 656K, committed 768K, reserved 1048576K

Card table byte_map: [0x0000000011780000,0x0000000011990000] byte_map_base: 0x0000000011180000

Marking Bits: (ParMarkBitMap*) 0x0000000058df0600
 Begin Bits: [0x00000000122f0000, 0x00000000132f0000)
 End Bits:   [0x00000000132f0000, 0x00000000142f0000)

Polling page: 0x00000000008c0000

CodeCache: size=245760Kb used=9771Kb max_used=9785Kb free=235988Kb
 bounds [0x00000000023c0000, 0x0000000002d60000, 0x00000000113c0000]
 total_blobs=2374 nmethods=2105 adapters=181
 compilation: enabled

Compilation events (10 events):
Event: 10.448 Thread 0x0000000016ddf000 2128       4       com.android.dx.cf.code.ByteCatchList::toTargetList (114 bytes)
Event: 10.448 Thread 0x0000000016de5800 nmethod 2126 0x0000000002d3c8d0 code [0x0000000002d3cb40, 0x0000000002d3db38]
Event: 10.448 Thread 0x0000000016de5800 2127       3       com.android.dx.cf.direct.StdAttributeFactory::sourceFile (94 bytes)
Event: 10.451 Thread 0x0000000016de5800 nmethod 2127 0x0000000002d4b150 code [0x0000000002d4b5c0, 0x0000000002d4dea8]
Event: 10.457 Thread 0x0000000016de5800 2131       3       com.android.dx.cf.code.ExecutionStack::peekLocal (46 bytes)
Event: 10.458 Thread 0x0000000016de5800 nmethod 2131 0x0000000002d31d90 code [0x0000000002d31f20, 0x0000000002d32298]
Event: 10.458 Thread 0x0000000016de5800 2132       3       com.android.dx.cf.code.BaseMachine::popArgs (204 bytes)
Event: 10.459 Thread 0x0000000016de5800 nmethod 2132 0x0000000002d50110 code [0x0000000002d50580, 0x0000000002d52ba8]
Event: 10.460 Thread 0x0000000016de5800 2133       3       com.android.dx.rop.code.Rops::opAput (97 bytes)
Event: 10.460 Thread 0x0000000016de5800 nmethod 2133 0x0000000002d2fd50 code [0x0000000002d2ff80, 0x0000000002d30bf8]

GC Heap History (8 events):
Event: 3.389 GC heap before
{Heap before GC invocations=1 (full 0):
 PSYoungGen      total 38400K, used 33280K [0x00000000eab00000, 0x00000000ed580000, 0x0000000100000000)
  eden space 33280K, 100% used [0x00000000eab00000,0x00000000ecb80000,0x00000000ecb80000)
  from space 5120K, 0% used [0x00000000ed080000,0x00000000ed080000,0x00000000ed580000)
  to   space 5120K, 0% used [0x00000000ecb80000,0x00000000ecb80000,0x00000000ed080000)
 ParOldGen       total 87552K, used 0K [0x00000000c0000000, 0x00000000c5580000, 0x00000000eab00000)
  object space 87552K, 0% used [0x00000000c0000000,0x00000000c0000000,0x00000000c5580000)
 Metaspace       used 5933K, capacity 6834K, committed 7040K, reserved 1056768K
  class space    used 599K, capacity 618K, committed 640K, reserved 1048576K
Event: 3.861 GC heap after
Heap after GC invocations=1 (full 0):
 PSYoungGen      total 38400K, used 5090K [0x00000000eab00000, 0x00000000ef600000, 0x0000000100000000)
  eden space 33280K, 0% used [0x00000000eab00000,0x00000000eab00000,0x00000000ecb80000)
  from space 5120K, 99% used [0x00000000ecb80000,0x00000000ed0789a0,0x00000000ed080000)
  to   space 5120K, 0% used [0x00000000ef100000,0x00000000ef100000,0x00000000ef600000)
 ParOldGen       total 87552K, used 1314K [0x00000000c0000000, 0x00000000c5580000, 0x00000000eab00000)
  object space 87552K, 1% used [0x00000000c0000000,0x00000000c0148988,0x00000000c5580000)
 Metaspace       used 5933K, capacity 6834K, committed 7040K, reserved 1056768K
  class space    used 599K, capacity 618K, committed 640K, reserved 1048576K
}
Event: 5.765 GC heap before
{Heap before GC invocations=2 (full 0):
 PSYoungGen      total 38400K, used 38370K [0x00000000eab00000, 0x00000000ef600000, 0x0000000100000000)
  eden space 33280K, 100% used [0x00000000eab00000,0x00000000ecb80000,0x00000000ecb80000)
  from space 5120K, 99% used [0x00000000ecb80000,0x00000000ed0789a0,0x00000000ed080000)
  to   space 5120K, 0% used [0x00000000ef100000,0x00000000ef100000,0x00000000ef600000)
 ParOldGen       total 87552K, used 1314K [0x00000000c0000000, 0x00000000c5580000, 0x00000000eab00000)
  object space 87552K, 1% used [0x00000000c0000000,0x00000000c0148988,0x00000000c5580000)
 Metaspace       used 6164K, capacity 7026K, committed 7296K, reserved 1056768K
  class space    used 599K, capacity 618K, committed 640K, reserved 1048576K
Event: 6.245 GC heap after
Heap after GC invocations=2 (full 0):
 PSYoungGen      total 71680K, used 5111K [0x00000000eab00000, 0x00000000ef600000, 0x0000000100000000)
  eden space 66560K, 0% used [0x00000000eab00000,0x00000000eab00000,0x00000000eec00000)
  from space 5120K, 99% used [0x00000000ef100000,0x00000000ef5fdcc0,0x00000000ef600000)
  to   space 5120K, 0% used [0x00000000eec00000,0x00000000eec00000,0x00000000ef100000)
 ParOldGen       total 87552K, used 5454K [0x00000000c0000000, 0x00000000c5580000, 0x00000000eab00000)
  object space 87552K, 6% used [0x00000000c0000000,0x00000000c0553ab0,0x00000000c5580000)
 Metaspace       used 6164K, capacity 7026K, committed 7296K, reserved 1056768K
  class space    used 599K, capacity 618K, committed 640K, reserved 1048576K
}
Event: 7.631 GC heap before
{Heap before GC invocations=3 (full 0):
 PSYoungGen      total 71680K, used 71671K [0x00000000eab00000, 0x00000000ef600000, 0x0000000100000000)
  eden space 66560K, 100% used [0x00000000eab00000,0x00000000eec00000,0x00000000eec00000)
  from space 5120K, 99% used [0x00000000ef100000,0x00000000ef5fdcc0,0x00000000ef600000)
  to   space 5120K, 0% used [0x00000000eec00000,0x00000000eec00000,0x00000000ef100000)
 ParOldGen       total 87552K, used 5454K [0x00000000c0000000, 0x00000000c5580000, 0x00000000eab00000)
  object space 87552K, 6% used [0x00000000c0000000,0x00000000c0553ab0,0x00000000c5580000)
 Metaspace       used 6227K, capacity 7090K, committed 7296K, reserved 1056768K
  class space    used 601K, capacity 618K, committed 640K, reserved 1048576K
Event: 7.775 GC heap after
Heap after GC invocations=3 (full 0):
 PSYoungGen      total 71680K, used 5107K [0x00000000eab00000, 0x00000000f3700000, 0x0000000100000000)
  eden space 66560K, 0% used [0x00000000eab00000,0x00000000eab00000,0x00000000eec00000)
  from space 5120K, 99% used [0x00000000eec00000,0x00000000ef0fcfa0,0x00000000ef100000)
  to   space 5120K, 0% used [0x00000000f3200000,0x00000000f3200000,0x00000000f3700000)
 ParOldGen       total 87552K, used 15934K [0x00000000c0000000, 0x00000000c5580000, 0x00000000eab00000)
  object space 87552K, 18% used [0x00000000c0000000,0x00000000c0f8f840,0x00000000c5580000)
 Metaspace       used 6227K, capacity 7090K, committed 7296K, reserved 1056768K
  class space    used 601K, capacity 618K, committed 640K, reserved 1048576K
}
Event: 9.288 GC heap before
{Heap before GC invocations=4 (full 0):
 PSYoungGen      total 71680K, used 71667K [0x00000000eab00000, 0x00000000f3700000, 0x0000000100000000)
  eden space 66560K, 100% used [0x00000000eab00000,0x00000000eec00000,0x00000000eec00000)
  from space 5120K, 99% used [0x00000000eec00000,0x00000000ef0fcfa0,0x00000000ef100000)
  to   space 5120K, 0% used [0x00000000f3200000,0x00000000f3200000,0x00000000f3700000)
 ParOldGen       total 87552K, used 15934K [0x00000000c0000000, 0x00000000c5580000, 0x00000000eab00000)
  object space 87552K, 18% used [0x00000000c0000000,0x00000000c0f8f840,0x00000000c5580000)
 Metaspace       used 6368K, capacity 7128K, committed 7424K, reserved 1056768K
  class space    used 621K, capacity 656K, committed 768K, reserved 1048576K
Event: 9.577 GC heap after
Heap after GC invocations=4 (full 0):
 PSYoungGen      total 138240K, used 5100K [0x00000000eab00000, 0x00000000f3700000, 0x0000000100000000)
  eden space 133120K, 0% used [0x00000000eab00000,0x00000000eab00000,0x00000000f2d00000)
  from space 5120K, 99% used [0x00000000f3200000,0x00000000f36fb1e8,0x00000000f3700000)
  to   space 5120K, 0% used [0x00000000f2d00000,0x00000000f2d00000,0x00000000f3200000)
 ParOldGen       total 87552K, used 27275K [0x00000000c0000000, 0x00000000c5580000, 0x00000000eab00000)
  object space 87552K, 31% used [0x00000000c0000000,0x00000000c1aa2ed0,0x00000000c5580000)
 Metaspace       used 6368K, capacity 7128K, committed 7424K, reserved 1056768K
  class space    used 621K, capacity 656K, committed 768K, reserved 1048576K
}

Deoptimization events (10 events):
Event: 9.704 Thread 0x0000000017150000 Uncommon trap: reason=bimorphic action=maybe_recompile pc=0x0000000002a55024 method=com.android.dx.ssa.SCCP.setLatticeValueTo(IILcom/android/dx/rop/cst/Constant;)Z @ 43
Event: 9.704 Thread 0x0000000017150000 Uncommon trap: reason=bimorphic action=maybe_recompile pc=0x0000000002a55024 method=com.android.dx.ssa.SCCP.setLatticeValueTo(IILcom/android/dx/rop/cst/Constant;)Z @ 43
Event: 9.705 Thread 0x0000000017150000 Uncommon trap: reason=bimorphic action=maybe_recompile pc=0x0000000002ae5f74 method=com.android.dx.ssa.SCCP.setLatticeValueTo(IILcom/android/dx/rop/cst/Constant;)Z @ 43
Event: 9.706 Thread 0x0000000017150000 Uncommon trap: reason=bimorphic action=maybe_recompile pc=0x0000000002c39cd0 method=java.util.HashMap.getNode(ILjava/lang/Object;)Ljava/util/HashMap$Node; @ 126
Event: 9.706 Thread 0x0000000017150000 Uncommon trap: reason=class_check action=maybe_recompile pc=0x0000000002ac0ee8 method=java.util.HashMap.putVal(ILjava/lang/Object;Ljava/lang/Object;ZZ)Ljava/lang/Object; @ 203
Event: 9.709 Thread 0x0000000017150000 Uncommon trap: reason=class_check action=maybe_recompile pc=0x0000000002ac0ee8 method=java.util.HashMap.putVal(ILjava/lang/Object;Ljava/lang/Object;ZZ)Ljava/lang/Object; @ 203
Event: 9.764 Thread 0x00000000170bc000 Uncommon trap: reason=bimorphic action=maybe_recompile pc=0x0000000002aa83a8 method=com.android.dx.cf.code.RopperMachine.run(Lcom/android/dx/cf/code/Frame;II)V @ 988
Event: 9.764 Thread 0x00000000170bc000 Uncommon trap: reason=bimorphic action=maybe_recompile pc=0x0000000002aa83a8 method=com.android.dx.cf.code.RopperMachine.run(Lcom/android/dx/cf/code/Frame;II)V @ 988
Event: 10.042 Thread 0x00000000170bc000 Uncommon trap: reason=unstable_if action=reinterpret pc=0x0000000002cbd188 method=com.android.dx.cf.code.Merger.mergeType(Lcom/android/dx/rop/type/TypeBearer;Lcom/android/dx/rop/type/TypeBearer;)Lcom/android/dx/rop/type/TypeBearer; @ 52
Event: 10.043 Thread 0x00000000170bc000 Uncommon trap: reason=unstable_if action=reinterpret pc=0x0000000002b37718 method=com.android.dx.cf.code.Merger.mergeType(Lcom/android/dx/rop/type/TypeBearer;Lcom/android/dx/rop/type/TypeBearer;)Lcom/android/dx/rop/type/TypeBearer; @ 52

Internal exceptions (6 events):
Event: 0.037 Thread 0x00000000022c1000 Exception <a 'java/lang/NoSuchMethodError': Method sun.misc.Unsafe.defineClass(Ljava/lang/String;[BII)Ljava/lang/Class; name or signature does not match> (0x00000000eab07cc0) thrown at [C:\re\workspace\8-2-build-windows-amd64-cygwin\jdk8u74\6087\hotspot\srÅ˘"mH0£?
Event: 0.037 Thread 0x00000000022c1000 Exception <a 'java/lang/NoSuchMethodError': Method sun.misc.Unsafe.prefetchRead(Ljava/lang/Object;J)V name or signature does not match> (0x00000000eab07fa8) thrown at [C:\re\workspace\8-2-build-windows-amd64-cygwin\jdk8u74\6087\hotspot\src\share\vm\prims\j¸ºtêh@
Event: 4.852 Thread 0x00000000022c1000 Implicit null exception at 0x000000000287baa2 to 0x000000000287bb92
Event: 8.597 Thread 0x00000000170bc000 Exception <a 'java/lang/ArrayIndexOutOfBoundsException': 18> (0x00000000ec4a6878) thrown at [C:\re\workspace\8-2-build-windows-amd64-cygwin\jdk8u74\6087\hotspot\src\share\vm\interpreter\interpreterRuntime.cpp, line 366]
Event: 8.597 Thread 0x00000000170bc000 Exception <a 'java/lang/ArrayIndexOutOfBoundsException': 145> (0x00000000ec4a83f8) thrown at [C:\re\workspace\8-2-build-windows-amd64-cygwin\jdk8u74\6087\hotspot\src\share\vm\interpreter\interpreterRuntime.cpp, line 366]
Event: 8.609 Thread 0x00000000170bc000 Exception <a 'java/lang/ArrayIndexOutOfBoundsException'> (0x00000000ec4a96e0) thrown at [C:\re\workspace\8-2-build-windows-amd64-cygwin\jdk8u74\6087\hotspot\src\share\vm\runtime\sharedRuntime.cpp, line 605]

Events (10 events):
Event: 9.764 Thread 0x00000000170bc000 DEOPT PACKING pc=0x0000000002aa83a8 sp=0x000000001849ddd0
Event: 9.764 Thread 0x00000000170bc000 DEOPT UNPACKING pc=0x000000000240582a sp=0x000000001849dd98 mode 2
Event: 9.768 Thread 0x00000000170bc000 DEOPT PACKING pc=0x00000000028e45d7 sp=0x000000001849e680
Event: 9.768 Thread 0x00000000170bc000 DEOPT UNPACKING pc=0x000000000240787f sp=0x000000001849e4b0 mode 0
Event: 10.042 Thread 0x00000000170bc000 Uncommon trap: trap_request=0xffffff65 fr.pc=0x0000000002cbd188
Event: 10.042 Thread 0x00000000170bc000 DEOPT PACKING pc=0x0000000002cbd188 sp=0x000000001849e270
Event: 10.042 Thread 0x00000000170bc000 DEOPT UNPACKING pc=0x000000000240582a sp=0x000000001849e1d0 mode 2
Event: 10.043 Thread 0x00000000170bc000 Uncommon trap: trap_request=0xffffff65 fr.pc=0x0000000002b37718
Event: 10.043 Thread 0x00000000170bc000 DEOPT PACKING pc=0x0000000002b37718 sp=0x000000001849e220
Event: 10.043 Thread 0x00000000170bc000 DEOPT UNPACKING pc=0x000000000240582a sp=0x000000001849e1c0 mode 2


Dynamic libraries:
0x00007ff74d570000 - 0x00007ff74d5a7000 	C:\Program Files\Java\jdk1.8.0_74\bin\java.exe
0x00007ff9f4050000 - 0x00007ff9f4211000 	C:\Windows\SYSTEM32\ntdll.dll
0x00007ff9f3ba0000 - 0x00007ff9f3c4d000 	C:\Windows\system32\KERNEL32.DLL
0x00007ff9f1090000 - 0x00007ff9f1278000 	C:\Windows\system32\KERNELBASE.dll
0x00007ff9f2f10000 - 0x00007ff9f2fb7000 	C:\Windows\system32\ADVAPI32.dll
0x00007ff9f3b00000 - 0x00007ff9f3b9d000 	C:\Windows\system32\msvcrt.dll
0x00007ff9f2d20000 - 0x00007ff9f2d7b000 	C:\Windows\system32\sechost.dll
0x00007ff9f3c50000 - 0x00007ff9f3d6c000 	C:\Windows\system32\RPCRT4.dll
0x00007ff9f3840000 - 0x00007ff9f3996000 	C:\Windows\system32\USER32.dll
0x00007ff9f2d80000 - 0x00007ff9f2f06000 	C:\Windows\system32\GDI32.dll
0x00007ff9ec680000 - 0x00007ff9ec8f4000 	C:\Windows\WinSxS\amd64_microsoft.windows.common-controls_6595b64144ccf1df_6.0.10586.0_none_8c15ae12515e1c22\COMCTL32.dll
0x00007ff9f2a20000 - 0x00007ff9f2c9d000 	C:\Windows\system32\combase.dll
0x00007ff9f1350000 - 0x00007ff9f13ba000 	C:\Windows\system32\bcryptPrimitives.dll
0x00007ff9f35a0000 - 0x00007ff9f35db000 	C:\Windows\system32\IMM32.DLL
0x0000000058080000 - 0x0000000058152000 	C:\Program Files\Java\jdk1.8.0_74\jre\bin\msvcr100.dll
0x00000000585e0000 - 0x0000000058e70000 	C:\Program Files\Java\jdk1.8.0_74\jre\bin\server\jvm.dll
0x00007ff9f3d70000 - 0x00007ff9f3d78000 	C:\Windows\system32\PSAPI.DLL
0x00007ff9e9550000 - 0x00007ff9e9559000 	C:\Windows\SYSTEM32\WSOCK32.dll
0x00007ff9f3090000 - 0x00007ff9f30fb000 	C:\Windows\system32\WS2_32.dll
0x00007ff9ee770000 - 0x00007ff9ee793000 	C:\Windows\SYSTEM32\WINMM.dll
0x00007ff9ec9c0000 - 0x00007ff9ec9ca000 	C:\Windows\SYSTEM32\VERSION.dll
0x0000000000850000 - 0x000000000087c000 	C:\Windows\SYSTEM32\WINMMBASE.dll
0x00007ff9f1040000 - 0x00007ff9f1083000 	C:\Windows\system32\cfgmgr32.dll
0x00000000584f0000 - 0x00000000584ff000 	C:\Program Files\Java\jdk1.8.0_74\jre\bin\verify.dll
0x00000000584c0000 - 0x00000000584e9000 	C:\Program Files\Java\jdk1.8.0_74\jre\bin\java.dll
0x00000000584a0000 - 0x00000000584b6000 	C:\Program Files\Java\jdk1.8.0_74\jre\bin\zip.dll
0x00007ff9f1450000 - 0x00007ff9f29ac000 	C:\Windows\system32\SHELL32.dll
0x00007ff9f0760000 - 0x00007ff9f0da5000 	C:\Windows\system32\windows.storage.dll
0x00007ff9f2cc0000 - 0x00007ff9f2d12000 	C:\Windows\system32\shlwapi.dll
0x00007ff9f06f0000 - 0x00007ff9f06ff000 	C:\Windows\system32\kernel.appcore.dll
0x00007ff9f0db0000 - 0x00007ff9f0e65000 	C:\Windows\system32\shcore.dll
0x00007ff9f0670000 - 0x00007ff9f06bb000 	C:\Windows\system32\powrprof.dll
0x00007ff9f06d0000 - 0x00007ff9f06e4000 	C:\Windows\system32\profapi.dll

VM Arguments:
jvm_args: -Djava.awt.headless=true -Xmx1024M -Dfile.encoding=windows-1251 -Duser.country=RU -Duser.language=ru -Duser.variant 
java_command: com.android.dx.command.Main --dex --num-threads=4 --output C:\Works\Android\JustDoIt\app\build\intermediates\pre-dexed\debug\jackson-databind-2.2.2_3678112d03fb2ccc8aef0b11bc58ecc47034e17a.jar C:\Users\Aleksey\.gradle\caches\modules-2\files-2.1\com.fasterxml.jackson.core\jackson-databind\2.2.2\3c8f6018eaa72d43b261181e801e6f8676c16ef6\jackson-databind-2.2.2.jar
java_class_path (initial): C:\Users\Aleksey\AppData\Local\Android\sdk\build-tools\23.0.2\lib\dx.jar
Launcher Type: SUN_STANDARD

Environment Variables:
PATH=C:\ProgramData\Oracle\Java\javapath;C:\Windows\system32;C:\Windows;C:\Windows\System32\Wbem;C:\Windows\System32\WindowsPowerShell\v1.0\;C:\Program Files (x86)\Skype\Phone\;C:\Windows\system32\config\systemprofile\.dnx\bin;C:\Program Files\Microsoft DNX\Dnvm\;C:\Program Files (x86)\GtkSharp\2.12\bin;C:\Program Files (x86)\Windows Kits\8.1\Windows Performance Toolkit\;C:\Users\Aleksey\AppData\Local\atom\bin
USERNAME=Aleksey
OS=Windows_NT
PROCESSOR_IDENTIFIER=Intel64 Family 6 Model 58 Stepping 9, GenuineIntel



---------------  S Y S T E M  ---------------

OS: Windows 10.0 , 64 bit Build 10586 (10.0.10586.0)

CPU:total 8 (4 cores per cpu, 2 threads per core) family 6 model 58 stepping 9, cmov, cx8, fxsr, mmx, sse, sse2, sse3, ssse3, sse4.1, sse4.2, popcnt, avx, aes, clmul, erms, ht, tsc, tscinvbit, tscinv

Memory: 4k page, physical 8282604k(839016k free), swap 12476908k(5152k free)

vm_info: Java HotSpot(TM) 64-Bit Server VM (25.74-b02) for windows-amd64 JRE (1.8.0_74-b02), built on Jan 29 2016 17:42:36 by "java_re" with MS VC++ 10.0 (VS2010)

time: Wed Mar 23 19:16:36 2016
elapsed time: 10 seconds (0d 0h 0m 10s)

