#
# There is insufficient memory for the Java Runtime Environment to continue.
# Native memory allocation (malloc) failed to allocate 1323456 bytes for Chunk::new
# Possible reasons:
#   The system is out of physical RAM or swap space
#   In 32 bit mode, the process size limit was hit
# Possible solutions:
#   Reduce memory load on the system
#   Increase physical memory or swap space
#   Check if swap backing store is full
#   Use 64 bit Java on a 64 bit OS
#   Decrease Java heap size (-Xmx/-Xms)
#   Decrease number of Java threads
#   Decrease Java thread stack sizes (-Xss)
#   Set larger code cache with -XX:ReservedCodeCacheSize=
# This output file may be truncated or incomplete.
#
#  Out of Memory Error (allocation.cpp:390), pid=10540, tid=10848
#
# JRE version: Java(TM) SE Runtime Environment (8.0_74-b02) (build 1.8.0_74-b02)
# Java VM: Java HotSpot(TM) 64-Bit Server VM (25.74-b02 mixed mode windows-amd64 compressed oops)
# Failed to write core dump. Minidumps are not enabled by default on client versions of Windows
#

---------------  T H R E A D  ---------------

Current thread (0x0000000016c98000):  JavaThread "C2 CompilerThread0" daemon [_thread_in_native, id=10848, stack(0x0000000017460000,0x0000000017560000)]

Stack: [0x0000000017460000,0x0000000017560000]
[error occurred during error reporting (printing stack bounds), id 0xc0000005]

Native frames: (J=compiled Java code, j=interpreted, Vv=VM code, C=native code)


Current CompileTask:
C2:   4246 1329       4       com.android.dx.ssa.SsaRenamer$BlockRenamer::process (191 bytes)


---------------  P R O C E S S  ---------------

Java Threads: ( => current thread )
  0x0000000016fa7000 JavaThread "pool-1-thread-4" [_thread_blocked, id=4824, stack(0x0000000018660000,0x0000000018760000)]
  0x0000000016fa6800 JavaThread "pool-1-thread-3" [_thread_blocked, id=2456, stack(0x0000000018560000,0x0000000018660000)]
  0x0000000016fa5800 JavaThread "pool-1-thread-2" [_thread_blocked, id=7756, stack(0x0000000018460000,0x0000000018560000)]
  0x0000000016fb8800 JavaThread "pool-2-thread-1" [_thread_blocked, id=10252, stack(0x0000000018360000,0x0000000018460000)]
  0x000000001703d000 JavaThread "pool-1-thread-1" [_thread_in_Java, id=10976, stack(0x0000000018260000,0x0000000018360000)]
  0x0000000016d37000 JavaThread "Service Thread" daemon [_thread_blocked, id=10980, stack(0x0000000017860000,0x0000000017960000)]
  0x0000000016ca3000 JavaThread "C1 CompilerThread3" daemon [_thread_blocked, id=2996, stack(0x0000000017760000,0x0000000017860000)]
  0x0000000016c9d800 JavaThread "C2 CompilerThread2" daemon [_thread_in_native, id=3772, stack(0x0000000017660000,0x0000000017760000)]
  0x0000000016c9b800 JavaThread "C2 CompilerThread1" daemon [_thread_in_native, id=4660, stack(0x0000000017560000,0x0000000017660000)]
=>0x0000000016c98000 JavaThread "C2 CompilerThread0" daemon [_thread_in_native, id=10848, stack(0x0000000017460000,0x0000000017560000)]
  0x0000000016c95800 JavaThread "Attach Listener" daemon [_thread_blocked, id=8460, stack(0x0000000017360000,0x0000000017460000)]
  0x0000000014d9e000 JavaThread "Signal Dispatcher" daemon [_thread_blocked, id=10456, stack(0x0000000017260000,0x0000000017360000)]
  0x0000000016c90800 JavaThread "Finalizer" daemon [_thread_blocked, id=11180, stack(0x0000000017070000,0x0000000017170000)]
  0x00000000021e6000 JavaThread "Reference Handler" daemon [_thread_blocked, id=5592, stack(0x0000000016b70000,0x0000000016c70000)]
  0x00000000020f1000 JavaThread "main" [_thread_blocked, id=6420, stack(0x0000000001fc0000,0x00000000020c0000)]

Other Threads:
  0x0000000014d89800 VMThread [stack: 0x0000000016a70000,0x0000000016b70000] [id=10736]
  0x0000000016d3a800 WatcherThread [stack: 0x0000000017960000,0x0000000017a60000] [id=7688]

VM state:not at safepoint (normal execution)

VM Mutex/Monitor currently owned by a thread: None

Heap:
 PSYoungGen      total 38400K, used 14205K [0x00000000eab00000, 0x00000000ed580000, 0x0000000100000000)
  eden space 33280K, 27% used [0x00000000eab00000,0x00000000eb3e1370,0x00000000ecb80000)
  from space 5120K, 99% used [0x00000000ecb80000,0x00000000ed07e448,0x00000000ed080000)
  to   space 5120K, 0% used [0x00000000ed080000,0x00000000ed080000,0x00000000ed580000)
 ParOldGen       total 87552K, used 824K [0x00000000c0000000, 0x00000000c5580000, 0x00000000eab00000)
  object space 87552K, 0% used [0x00000000c0000000,0x00000000c00ce3e0,0x00000000c5580000)
 Metaspace       used 6048K, capacity 6962K, committed 7040K, reserved 1056768K
  class space    used 598K, capacity 618K, committed 640K, reserved 1048576K

Card table byte_map: [0x0000000011630000,0x0000000011840000] byte_map_base: 0x0000000011030000

Marking Bits: (ParMarkBitMap*) 0x0000000058df0600
 Begin Bits: [0x00000000121a0000, 0x00000000131a0000)
 End Bits:   [0x00000000131a0000, 0x00000000141a0000)

Polling page: 0x00000000020c0000

CodeCache: size=245760Kb used=5386Kb max_used=5386Kb free=240374Kb
 bounds [0x0000000002270000, 0x00000000027c0000, 0x0000000011270000]
 total_blobs=1621 nmethods=1352 adapters=182
 compilation: enabled

Compilation events (10 events):
Event: 4.157 Thread 0x0000000016ca3000 nmethod 1352 0x00000000027b0350 code [0x00000000027b04c0, 0x00000000027b0828]
Event: 4.171 Thread 0x0000000016ca3000 1355  s    3       com.android.dx.dex.file.FieldIdsSection::intern (55 bytes)
Event: 4.172 Thread 0x0000000016ca3000 nmethod 1355 0x00000000027aecd0 code [0x00000000027aef00, 0x00000000027afc28]
Event: 4.193 Thread 0x0000000016c9d800 nmethod 1351 0x00000000027b3f10 code [0x00000000027b4100, 0x00000000027b5618]
Event: 4.193 Thread 0x0000000016c9d800 1354       4       com.android.dx.ssa.back.FirstFitLocalCombiningAllocator$1::processInsn (169 bytes)
Event: 4.238 Thread 0x0000000016ca3000 1356       3       com.android.dx.cf.code.LocalVariableList$Item::matchesAllButType (53 bytes)
Event: 4.239 Thread 0x0000000016ca3000 nmethod 1356 0x00000000027ae450 code [0x00000000027ae5e0, 0x00000000027aeb48]
Event: 4.239 Thread 0x0000000016ca3000 1357   !   3       com.android.dx.cf.code.Ropper::doit (126 bytes)
Event: 4.241 Thread 0x0000000016ca3000 nmethod 1357 0x00000000027b1b90 code [0x00000000027b1e80, 0x00000000027b32d8]
Event: 4.244 Thread 0x0000000016ca3000 1358       3       com.android.dx.ssa.SsaBasicBlock::insertNewSuccessor (228 bytes)

GC Heap History (2 events):
Event: 3.506 GC heap before
{Heap before GC invocations=1 (full 0):
 PSYoungGen      total 38400K, used 33280K [0x00000000eab00000, 0x00000000ed580000, 0x0000000100000000)
  eden space 33280K, 100% used [0x00000000eab00000,0x00000000ecb80000,0x00000000ecb80000)
  from space 5120K, 0% used [0x00000000ed080000,0x00000000ed080000,0x00000000ed580000)
  to   space 5120K, 0% used [0x00000000ecb80000,0x00000000ecb80000,0x00000000ed080000)
 ParOldGen       total 87552K, used 0K [0x00000000c0000000, 0x00000000c5580000, 0x00000000eab00000)
  object space 87552K, 0% used [0x00000000c0000000,0x00000000c0000000,0x00000000c5580000)
 Metaspace       used 5984K, capacity 6898K, committed 7040K, reserved 1056768K
  class space    used 598K, capacity 618K, committed 640K, reserved 1048576K
Event: 3.757 GC heap after
Heap after GC invocations=1 (full 0):
 PSYoungGen      total 38400K, used 5113K [0x00000000eab00000, 0x00000000ed580000, 0x0000000100000000)
  eden space 33280K, 0% used [0x00000000eab00000,0x00000000eab00000,0x00000000ecb80000)
  from space 5120K, 99% used [0x00000000ecb80000,0x00000000ed07e448,0x00000000ed080000)
  to   space 5120K, 0% used [0x00000000ed080000,0x00000000ed080000,0x00000000ed580000)
 ParOldGen       total 87552K, used 824K [0x00000000c0000000, 0x00000000c5580000, 0x00000000eab00000)
  object space 87552K, 0% used [0x00000000c0000000,0x00000000c00ce3e0,0x00000000c5580000)
 Metaspace       used 5984K, capacity 6898K, committed 7040K, reserved 1056768K
  class space    used 598K, capacity 618K, committed 640K, reserved 1048576K
}

Deoptimization events (5 events):
Event: 0.656 Thread 0x00000000020f1000 Uncommon trap: reason=unstable_if action=reinterpret pc=0x00000000023c8214 method=java.lang.String.compareTo(Ljava/lang/String;)I @ 38
Event: 2.265 Thread 0x00000000020f1000 Uncommon trap: reason=unstable_if action=reinterpret pc=0x000000000246195c method=java.util.HashMap.getNode(ILjava/lang/Object;)Ljava/util/HashMap$Node; @ 129
Event: 2.292 Thread 0x00000000020f1000 Uncommon trap: reason=class_check action=maybe_recompile pc=0x00000000024911f0 method=com.android.dx.ssa.NormalSsaInsn.accept(Lcom/android/dx/ssa/SsaInsn$Visitor;)V @ 9
Event: 2.354 Thread 0x00000000020f1000 Uncommon trap: reason=class_check action=maybe_recompile pc=0x00000000024911f0 method=com.android.dx.ssa.NormalSsaInsn.accept(Lcom/android/dx/ssa/SsaInsn$Visitor;)V @ 9
Event: 3.147 Thread 0x000000001703d000 Uncommon trap: reason=unstable_if action=reinterpret pc=0x0000000002568d9c method=com.android.dx.rop.cst.Constant.compareTo(Lcom/android/dx/rop/cst/Constant;)I @ 12

Internal exceptions (2 events):
Event: 0.081 Thread 0x00000000020f1000 Exception <a 'java/lang/NoSuchMethodError': Method sun.misc.Unsafe.defineClass(Ljava/lang/String;[BII)Ljava/lang/Class; name or signature does not match> (0x00000000eab07cc0) thrown at [C:\re\workspace\8-2-build-windows-amd64-cygwin\jdk8u74\6087\hotspot\srâVÅ{Öø¥?
Event: 0.081 Thread 0x00000000020f1000 Exception <a 'java/lang/NoSuchMethodError': Method sun.misc.Unsafe.prefetchRead(Ljava/lang/Object;J)V name or signature does not match> (0x00000000eab07fa8) thrown at [C:\re\workspace\8-2-build-windows-amd64-cygwin\jdk8u74\6087\hotspot\src\share\vm\prims\j

Events (10 events):
Event: 3.147 Thread 0x000000001703d000 DEOPT PACKING pc=0x0000000002568d9c sp=0x000000001835e220
Event: 3.147 Thread 0x000000001703d000 DEOPT UNPACKING pc=0x00000000022b582a sp=0x000000001835e1c0 mode 2
Event: 3.206 loading class java/util/TreeMap$EntrySet
Event: 3.206 loading class java/util/TreeMap$EntrySet done
Event: 3.206 loading class java/util/TreeMap$EntryIterator
Event: 3.206 loading class java/util/TreeMap$EntryIterator done
Event: 3.206 Executing VM operation: Deoptimize
Event: 3.207 Executing VM operation: Deoptimize done
Event: 3.500 Executing VM operation: ParallelGCFailedAllocation
Event: 3.757 Executing VM operation: ParallelGCFailedAllocation done


Dynamic libraries:
0x00007ff74d570000 - 0x00007ff74d5a7000 	C:\Program Files\Java\jdk1.8.0_74\bin\java.exe
0x00007ff9f4050000 - 0x00007ff9f4211000 	C:\Windows\SYSTEM32\ntdll.dll
0x00007ff9f3ba0000 - 0x00007ff9f3c4d000 	C:\Windows\system32\KERNEL32.DLL
0x00007ff9f1090000 - 0x00007ff9f1278000 	C:\Windows\system32\KERNELBASE.dll
0x00007ff9f2f10000 - 0x00007ff9f2fb7000 	C:\Windows\system32\ADVAPI32.dll
0x00007ff9f3b00000 - 0x00007ff9f3b9d000 	C:\Windows\system32\msvcrt.dll
0x00007ff9f2d20000 - 0x00007ff9f2d7b000 	C:\Windows\system32\sechost.dll
0x00007ff9f3c50000 - 0x00007ff9f3d6c000 	C:\Windows\system32\RPCRT4.dll
0x00007ff9f3840000 - 0x00007ff9f3996000 	C:\Windows\system32\USER32.dll
0x00007ff9f2d80000 - 0x00007ff9f2f06000 	C:\Windows\system32\GDI32.dll
0x00007ff9ec680000 - 0x00007ff9ec8f4000 	C:\Windows\WinSxS\amd64_microsoft.windows.common-controls_6595b64144ccf1df_6.0.10586.0_none_8c15ae12515e1c22\COMCTL32.dll
0x00007ff9f2a20000 - 0x00007ff9f2c9d000 	C:\Windows\system32\combase.dll
0x00007ff9f1350000 - 0x00007ff9f13ba000 	C:\Windows\system32\bcryptPrimitives.dll
0x00007ff9f35a0000 - 0x00007ff9f35db000 	C:\Windows\system32\IMM32.DLL
0x0000000058080000 - 0x0000000058152000 	C:\Program Files\Java\jdk1.8.0_74\jre\bin\msvcr100.dll
0x00000000585e0000 - 0x0000000058e70000 	C:\Program Files\Java\jdk1.8.0_74\jre\bin\server\jvm.dll
0x00007ff9f3d70000 - 0x00007ff9f3d78000 	C:\Windows\system32\PSAPI.DLL
0x00007ff9e9550000 - 0x00007ff9e9559000 	C:\Windows\SYSTEM32\WSOCK32.dll
0x00007ff9f3090000 - 0x00007ff9f30fb000 	C:\Windows\system32\WS2_32.dll
0x00007ff9ee770000 - 0x00007ff9ee793000 	C:\Windows\SYSTEM32\WINMM.dll
0x00007ff9ec9c0000 - 0x00007ff9ec9ca000 	C:\Windows\SYSTEM32\VERSION.dll
0x00007ff9ee710000 - 0x00007ff9ee73c000 	C:\Windows\SYSTEM32\WINMMBASE.dll
0x00007ff9f1040000 - 0x00007ff9f1083000 	C:\Windows\system32\cfgmgr32.dll
0x00000000584f0000 - 0x00000000584ff000 	C:\Program Files\Java\jdk1.8.0_74\jre\bin\verify.dll
0x00000000584c0000 - 0x00000000584e9000 	C:\Program Files\Java\jdk1.8.0_74\jre\bin\java.dll
0x00000000584a0000 - 0x00000000584b6000 	C:\Program Files\Java\jdk1.8.0_74\jre\bin\zip.dll
0x00007ff9f1450000 - 0x00007ff9f29ac000 	C:\Windows\system32\SHELL32.dll
0x00007ff9f0760000 - 0x00007ff9f0da5000 	C:\Windows\system32\windows.storage.dll
0x00007ff9f2cc0000 - 0x00007ff9f2d12000 	C:\Windows\system32\shlwapi.dll
0x00007ff9f06f0000 - 0x00007ff9f06ff000 	C:\Windows\system32\kernel.appcore.dll
0x00007ff9f0db0000 - 0x00007ff9f0e65000 	C:\Windows\system32\shcore.dll
0x00007ff9f0670000 - 0x00007ff9f06bb000 	C:\Windows\system32\powrprof.dll
0x00007ff9f06d0000 - 0x00007ff9f06e4000 	C:\Windows\system32\profapi.dll

VM Arguments:
jvm_args: -Djava.awt.headless=true -Xmx1024M -Dfile.encoding=windows-1251 -Duser.country=RU -Duser.language=ru -Duser.variant 
java_command: com.android.dx.command.Main --dex --num-threads=4 --output C:\Works\Android\JustDoIt\app\build\intermediates\pre-dexed\debug\internal_impl-23.2.1_6cc70865a1c1631ad30fc179fa13128228386a24.jar C:\Works\Android\JustDoIt\app\build\intermediates\exploded-aar\com.android.support\support-v4\23.2.1\jars\libs\internal_impl-23.2.1.jar
java_class_path (initial): C:\Users\Aleksey\AppData\Local\Android\sdk\build-tools\23.0.2\lib\dx.jar
Launcher Type: SUN_STANDARD

Environment Variables:
PATH=C:\ProgramData\Oracle\Java\javapath;C:\Windows\system32;C:\Windows;C:\Windows\System32\Wbem;C:\Windows\System32\WindowsPowerShell\v1.0\;C:\Program Files (x86)\Skype\Phone\;C:\Windows\system32\config\systemprofile\.dnx\bin;C:\Program Files\Microsoft DNX\Dnvm\;C:\Program Files (x86)\GtkSharp\2.12\bin;C:\Program Files (x86)\Windows Kits\8.1\Windows Performance Toolkit\;C:\Users\Aleksey\AppData\Local\atom\bin
USERNAME=Aleksey
OS=Windows_NT
PROCESSOR_IDENTIFIER=Intel64 Family 6 Model 58 Stepping 9, GenuineIntel



---------------  S Y S T E M  ---------------

OS: Windows 10.0 , 64 bit Build 10586 (10.0.10586.0)

CPU:total 8 (4 cores per cpu, 2 threads per core) family 6 model 58 stepping 9, cmov, cx8, fxsr, mmx, sse, sse2, sse3, ssse3, sse4.1, sse4.2, popcnt, avx, aes, clmul, erms, ht, tsc, tscinvbit, tscinv

Memory: 4k page, physical 8282604k(667336k free), swap 12476908k(5188k free)

vm_info: Java HotSpot(TM) 64-Bit Server VM (25.74-b02) for windows-amd64 JRE (1.8.0_74-b02), built on Jan 29 2016 17:42:36 by "java_re" with MS VC++ 10.0 (VS2010)

time: Wed Mar 23 19:19:15 2016
elapsed time: 4 seconds (0d 0h 0m 4s)

