#
# There is insufficient memory for the Java Runtime Environment to continue.
# Native memory allocation (malloc) failed to allocate 421536 bytes for Chunk::new
# Possible reasons:
#   The system is out of physical RAM or swap space
#   In 32 bit mode, the process size limit was hit
# Possible solutions:
#   Reduce memory load on the system
#   Increase physical memory or swap space
#   Check if swap backing store is full
#   Use 64 bit Java on a 64 bit OS
#   Decrease Java heap size (-Xmx/-Xms)
#   Decrease number of Java threads
#   Decrease Java thread stack sizes (-Xss)
#   Set larger code cache with -XX:ReservedCodeCacheSize=
# This output file may be truncated or incomplete.
#
#  Out of Memory Error (allocation.cpp:390), pid=9336, tid=4824
#
# JRE version: Java(TM) SE Runtime Environment (8.0_74-b02) (build 1.8.0_74-b02)
# Java VM: Java HotSpot(TM) 64-Bit Server VM (25.74-b02 mixed mode windows-amd64 compressed oops)
# Failed to write core dump. Minidumps are not enabled by default on client versions of Windows
#

---------------  T H R E A D  ---------------

Current thread (0x0000000014f3a000):  JavaThread "C2 CompilerThread2" daemon [_thread_in_native, id=4824, stack(0x00000000177e0000,0x00000000178e0000)]

Stack: [0x00000000177e0000,0x00000000178e0000]
[error occurred during error reporting (printing stack bounds), id 0xc0000005]

Native frames: (J=compiled Java code, j=interpreted, Vv=VM code, C=native code)


Current CompileTask:
C2:  10516 2278       4       com.android.dx.dex.file.CodeItem::addContents (174 bytes)


---------------  P R O C E S S  ---------------

Java Threads: ( => current thread )
  0x0000000016e66800 JavaThread "Service Thread" daemon [_thread_blocked, id=5160, stack(0x00000000179e0000,0x0000000017ae0000)]
  0x0000000014f3d000 JavaThread "C1 CompilerThread3" daemon [_thread_in_native, id=7652, stack(0x00000000178e0000,0x00000000179e0000)]
=>0x0000000014f3a000 JavaThread "C2 CompilerThread2" daemon [_thread_in_native, id=4824, stack(0x00000000177e0000,0x00000000178e0000)]
  0x0000000016e22800 JavaThread "C2 CompilerThread1" daemon [_thread_in_native, id=3328, stack(0x00000000176e0000,0x00000000177e0000)]
  0x0000000016e1f000 JavaThread "C2 CompilerThread0" daemon [_thread_in_native, id=32, stack(0x00000000175e0000,0x00000000176e0000)]
  0x0000000016e1c800 JavaThread "Attach Listener" daemon [_thread_blocked, id=9568, stack(0x00000000174e0000,0x00000000175e0000)]
  0x0000000016e1b000 JavaThread "Signal Dispatcher" daemon [_thread_blocked, id=5928, stack(0x00000000173e0000,0x00000000174e0000)]
  0x0000000016e10800 JavaThread "Finalizer" daemon [_thread_blocked, id=9024, stack(0x00000000171f0000,0x00000000172f0000)]
  0x0000000002406000 JavaThread "Reference Handler" daemon [_thread_blocked, id=668, stack(0x0000000016cf0000,0x0000000016df0000)]
  0x0000000002311000 JavaThread "main" [_thread_in_Java, id=4140, stack(0x0000000002210000,0x0000000002310000)]

Other Threads:
  0x0000000014f29800 VMThread [stack: 0x0000000016bf0000,0x0000000016cf0000] [id=6872]
  0x0000000016e6c800 WatcherThread [stack: 0x0000000017ae0000,0x0000000017be0000] [id=11012]

VM state:not at safepoint (normal execution)

VM Mutex/Monitor currently owned by a thread: None

Heap:
 PSYoungGen      total 138240K, used 128780K [0x00000000eab00000, 0x00000000f3700000, 0x0000000100000000)
  eden space 133120K, 92% used [0x00000000eab00000,0x00000000f23c4478,0x00000000f2d00000)
  from space 5120K, 99% used [0x00000000f3200000,0x00000000f36fef50,0x00000000f3700000)
  to   space 5120K, 0% used [0x00000000f2d00000,0x00000000f2d00000,0x00000000f3200000)
 ParOldGen       total 87552K, used 24863K [0x00000000c0000000, 0x00000000c5580000, 0x00000000eab00000)
  object space 87552K, 28% used [0x00000000c0000000,0x00000000c1847de0,0x00000000c5580000)
 Metaspace       used 6564K, capacity 7256K, committed 7424K, reserved 1056768K
  class space    used 632K, capacity 656K, committed 768K, reserved 1048576K

Card table byte_map: [0x00000000117d0000,0x00000000119e0000] byte_map_base: 0x00000000111d0000

Marking Bits: (ParMarkBitMap*) 0x0000000058df0600
 Begin Bits: [0x0000000012340000, 0x0000000013340000)
 End Bits:   [0x0000000013340000, 0x0000000014340000)

Polling page: 0x00000000020c0000

CodeCache: size=245760Kb used=11693Kb max_used=11693Kb free=234066Kb
 bounds [0x0000000002410000, 0x0000000002f90000, 0x0000000011410000]
 total_blobs=2541 nmethods=2271 adapters=182
 compilation: enabled

Compilation events (10 events):
Event: 10.368 Thread 0x0000000014f3a000 2278       4       com.android.dx.dex.file.CodeItem::addContents (174 bytes)
Event: 10.407 Thread 0x0000000016e1f000 2279       4       com.android.dx.dex.code.StdCatchBuilder::hasAnyCatches (57 bytes)
Event: 10.411 Thread 0x0000000016e1f000 nmethod 2279 0x0000000002f5f310 code [0x0000000002f5f480, 0x0000000002f5f738]
Event: 10.411 Thread 0x0000000016e1f000 2281       4       java.util.HashMap$HashIterator::<init> (79 bytes)
Event: 10.415 Thread 0x0000000016e1f000 nmethod 2281 0x0000000002f5edd0 code [0x0000000002f5ef20, 0x0000000002f5f1d8]
Event: 10.415 Thread 0x0000000016e1f000 2282   !   4       com.android.dx.dex.file.MixedItemSection::add (49 bytes)
Event: 10.420 Thread 0x0000000016e1f000 nmethod 2282 0x0000000002f5ca90 code [0x0000000002f5cbe0, 0x0000000002f5cf98]
Event: 10.420 Thread 0x0000000016e1f000 2280       4       com.android.dx.rop.type.StdTypeList::getType (6 bytes)
Event: 10.421 Thread 0x0000000016e1f000 nmethod 2280 0x0000000002f56a50 code [0x0000000002f56ba0, 0x0000000002f56c78]
Event: 10.432 Thread 0x0000000016e22800 nmethod 2264 0x0000000002f7af10 code [0x0000000002f7b240, 0x0000000002f7d938]

GC Heap History (8 events):
Event: 1.386 GC heap before
{Heap before GC invocations=1 (full 0):
 PSYoungGen      total 38400K, used 33280K [0x00000000eab00000, 0x00000000ed580000, 0x0000000100000000)
  eden space 33280K, 100% used [0x00000000eab00000,0x00000000ecb80000,0x00000000ecb80000)
  from space 5120K, 0% used [0x00000000ed080000,0x00000000ed080000,0x00000000ed580000)
  to   space 5120K, 0% used [0x00000000ecb80000,0x00000000ecb80000,0x00000000ed080000)
 ParOldGen       total 87552K, used 0K [0x00000000c0000000, 0x00000000c5580000, 0x00000000eab00000)
  object space 87552K, 0% used [0x00000000c0000000,0x00000000c0000000,0x00000000c5580000)
 Metaspace       used 5965K, capacity 6898K, committed 7040K, reserved 1056768K
  class space    used 604K, capacity 618K, committed 640K, reserved 1048576K
Event: 1.546 GC heap after
Heap after GC invocations=1 (full 0):
 PSYoungGen      total 38400K, used 5090K [0x00000000eab00000, 0x00000000ef600000, 0x0000000100000000)
  eden space 33280K, 0% used [0x00000000eab00000,0x00000000eab00000,0x00000000ecb80000)
  from space 5120K, 99% used [0x00000000ecb80000,0x00000000ed078a20,0x00000000ed080000)
  to   space 5120K, 0% used [0x00000000ef100000,0x00000000ef100000,0x00000000ef600000)
 ParOldGen       total 87552K, used 961K [0x00000000c0000000, 0x00000000c5580000, 0x00000000eab00000)
  object space 87552K, 1% used [0x00000000c0000000,0x00000000c00f0400,0x00000000c5580000)
 Metaspace       used 5965K, capacity 6898K, committed 7040K, reserved 1056768K
  class space    used 604K, capacity 618K, committed 640K, reserved 1048576K
}
Event: 3.004 GC heap before
{Heap before GC invocations=2 (full 0):
 PSYoungGen      total 38400K, used 38370K [0x00000000eab00000, 0x00000000ef600000, 0x0000000100000000)
  eden space 33280K, 100% used [0x00000000eab00000,0x00000000ecb80000,0x00000000ecb80000)
  from space 5120K, 99% used [0x00000000ecb80000,0x00000000ed078a20,0x00000000ed080000)
  to   space 5120K, 0% used [0x00000000ef100000,0x00000000ef100000,0x00000000ef600000)
 ParOldGen       total 87552K, used 961K [0x00000000c0000000, 0x00000000c5580000, 0x00000000eab00000)
  object space 87552K, 1% used [0x00000000c0000000,0x00000000c00f0400,0x00000000c5580000)
 Metaspace       used 6185K, capacity 7090K, committed 7296K, reserved 1056768K
  class space    used 604K, capacity 618K, committed 640K, reserved 1048576K
Event: 3.307 GC heap after
Heap after GC invocations=2 (full 0):
 PSYoungGen      total 71680K, used 5102K [0x00000000eab00000, 0x00000000ef600000, 0x0000000100000000)
  eden space 66560K, 0% used [0x00000000eab00000,0x00000000eab00000,0x00000000eec00000)
  from space 5120K, 99% used [0x00000000ef100000,0x00000000ef5fb8e0,0x00000000ef600000)
  to   space 5120K, 0% used [0x00000000eec00000,0x00000000eec00000,0x00000000ef100000)
 ParOldGen       total 87552K, used 5291K [0x00000000c0000000, 0x00000000c5580000, 0x00000000eab00000)
  object space 87552K, 6% used [0x00000000c0000000,0x00000000c052ad70,0x00000000c5580000)
 Metaspace       used 6185K, capacity 7090K, committed 7296K, reserved 1056768K
  class space    used 604K, capacity 618K, committed 640K, reserved 1048576K
}
Event: 7.225 GC heap before
{Heap before GC invocations=3 (full 0):
 PSYoungGen      total 71680K, used 71662K [0x00000000eab00000, 0x00000000ef600000, 0x0000000100000000)
  eden space 66560K, 100% used [0x00000000eab00000,0x00000000eec00000,0x00000000eec00000)
  from space 5120K, 99% used [0x00000000ef100000,0x00000000ef5fb8e0,0x00000000ef600000)
  to   space 5120K, 0% used [0x00000000eec00000,0x00000000eec00000,0x00000000ef100000)
 ParOldGen       total 87552K, used 5291K [0x00000000c0000000, 0x00000000c5580000, 0x00000000eab00000)
  object space 87552K, 6% used [0x00000000c0000000,0x00000000c052ad70,0x00000000c5580000)
 Metaspace       used 6283K, capacity 7154K, committed 7296K, reserved 1056768K
  class space    used 605K, capacity 618K, committed 640K, reserved 1048576K
Event: 7.713 GC heap after
Heap after GC invocations=3 (full 0):
 PSYoungGen      total 71680K, used 5105K [0x00000000eab00000, 0x00000000f3700000, 0x0000000100000000)
  eden space 66560K, 0% used [0x00000000eab00000,0x00000000eab00000,0x00000000eec00000)
  from space 5120K, 99% used [0x00000000eec00000,0x00000000ef0fc408,0x00000000ef100000)
  to   space 5120K, 0% used [0x00000000f3200000,0x00000000f3200000,0x00000000f3700000)
 ParOldGen       total 87552K, used 14766K [0x00000000c0000000, 0x00000000c5580000, 0x00000000eab00000)
  object space 87552K, 16% used [0x00000000c0000000,0x00000000c0e6bbd0,0x00000000c5580000)
 Metaspace       used 6283K, capacity 7154K, committed 7296K, reserved 1056768K
  class space    used 605K, capacity 618K, committed 640K, reserved 1048576K
}
Event: 8.765 GC heap before
{Heap before GC invocations=4 (full 0):
 PSYoungGen      total 71680K, used 71665K [0x00000000eab00000, 0x00000000f3700000, 0x0000000100000000)
  eden space 66560K, 100% used [0x00000000eab00000,0x00000000eec00000,0x00000000eec00000)
  from space 5120K, 99% used [0x00000000eec00000,0x00000000ef0fc408,0x00000000ef100000)
  to   space 5120K, 0% used [0x00000000f3200000,0x00000000f3200000,0x00000000f3700000)
 ParOldGen       total 87552K, used 14766K [0x00000000c0000000, 0x00000000c5580000, 0x00000000eab00000)
  object space 87552K, 16% used [0x00000000c0000000,0x00000000c0e6bbd0,0x00000000c5580000)
 Metaspace       used 6406K, capacity 7192K, committed 7424K, reserved 1056768K
  class space    used 626K, capacity 656K, committed 768K, reserved 1048576K
Event: 8.862 GC heap after
Heap after GC invocations=4 (full 0):
 PSYoungGen      total 138240K, used 5115K [0x00000000eab00000, 0x00000000f3700000, 0x0000000100000000)
  eden space 133120K, 0% used [0x00000000eab00000,0x00000000eab00000,0x00000000f2d00000)
  from space 5120K, 99% used [0x00000000f3200000,0x00000000f36fef50,0x00000000f3700000)
  to   space 5120K, 0% used [0x00000000f2d00000,0x00000000f2d00000,0x00000000f3200000)
 ParOldGen       total 87552K, used 24863K [0x00000000c0000000, 0x00000000c5580000, 0x00000000eab00000)
  object space 87552K, 28% used [0x00000000c0000000,0x00000000c1847de0,0x00000000c5580000)
 Metaspace       used 6406K, capacity 7192K, committed 7424K, reserved 1056768K
  class space    used 626K, capacity 656K, committed 768K, reserved 1048576K
}

Deoptimization events (10 events):
Event: 9.491 Thread 0x0000000002311000 Uncommon trap: reason=unstable_if action=reinterpret pc=0x0000000002aef0a8 method=com.android.dx.ssa.SCCP.simulateBranch(Lcom/android/dx/ssa/SsaInsn;)V @ 548
Event: 9.497 Thread 0x0000000002311000 Uncommon trap: reason=unstable_if action=reinterpret pc=0x0000000002b1885c method=com.android.dx.cf.code.ByteCatchList.listFor(I)Lcom/android/dx/cf/code/ByteCatchList; @ 47
Event: 9.550 Thread 0x0000000017bfc800 Uncommon trap: reason=class_check action=maybe_recompile pc=0x0000000002e908fc method=com.android.dx.ssa.back.FirstFitLocalCombiningAllocator.findNextUnreservedRopReg(IILcom/android/dx/ssa/back/FirstFitLocalCombiningAllocator$Alignment;)I @ 60
Event: 9.550 Thread 0x0000000017bfc800 Uncommon trap: reason=class_check action=maybe_recompile pc=0x0000000002e79cfc method=com.android.dx.ssa.back.FirstFitLocalCombiningAllocator.findNextUnreservedRopReg(IILcom/android/dx/ssa/back/FirstFitLocalCombiningAllocator$Alignment;)I @ 60
Event: 9.559 Thread 0x0000000017193800 Uncommon trap: reason=unstable_if action=reinterpret pc=0x0000000002abb2f0 method=com.android.dx.rop.cst.CstNat.equals(Ljava/lang/Object;)Z @ 25
Event: 10.220 Thread 0x0000000002311000 Uncommon trap: reason=class_check action=maybe_recompile pc=0x0000000002827008 method=java.util.Arrays.hashCode([Ljava/lang/Object;)I @ 43
Event: 10.220 Thread 0x0000000002311000 Uncommon trap: reason=class_check action=maybe_recompile pc=0x0000000002827008 method=java.util.Arrays.hashCode([Ljava/lang/Object;)I @ 43
Event: 10.220 Thread 0x0000000002311000 Uncommon trap: reason=class_check action=maybe_recompile pc=0x0000000002827008 method=java.util.Arrays.hashCode([Ljava/lang/Object;)I @ 43
Event: 10.220 Thread 0x0000000002311000 Uncommon trap: reason=class_check action=maybe_recompile pc=0x0000000002827008 method=java.util.Arrays.hashCode([Ljava/lang/Object;)I @ 43
Event: 10.220 Thread 0x0000000002311000 Uncommon trap: reason=class_check action=maybe_recompile pc=0x00000000028275e8 method=java.util.Arrays.hashCode([Ljava/lang/Object;)I @ 43

Internal exceptions (5 events):
Event: 0.038 Thread 0x0000000002311000 Exception <a 'java/lang/NoSuchMethodError': Method sun.misc.Unsafe.defineClass(Ljava/lang/String;[BII)Ljava/lang/Class; name or signature does not match> (0x00000000eab07cc0) thrown at [C:\re\workspace\8-2-build-windows-amd64-cygwin\jdk8u74\6087\hotspot\srfo€AI£?
Event: 0.038 Thread 0x0000000002311000 Exception <a 'java/lang/NoSuchMethodError': Method sun.misc.Unsafe.prefetchRead(Ljava/lang/Object;J)V name or signature does not match> (0x00000000eab07fa8) thrown at [C:\re\workspace\8-2-build-windows-amd64-cygwin\jdk8u74\6087\hotspot\src\share\vm\prims\j€{Œ2=!@
Event: 8.620 Thread 0x0000000017196000 Exception <a 'java/lang/ArrayIndexOutOfBoundsException': 18> (0x00000000eca1f028) thrown at [C:\re\workspace\8-2-build-windows-amd64-cygwin\jdk8u74\6087\hotspot\src\share\vm\interpreter\interpreterRuntime.cpp, line 366]
Event: 8.620 Thread 0x0000000017196000 Exception <a 'java/lang/ArrayIndexOutOfBoundsException': 145> (0x00000000eca20ba8) thrown at [C:\re\workspace\8-2-build-windows-amd64-cygwin\jdk8u74\6087\hotspot\src\share\vm\interpreter\interpreterRuntime.cpp, line 366]
Event: 8.621 Thread 0x0000000017196000 Exception <a 'java/lang/ArrayIndexOutOfBoundsException'> (0x00000000eca21e90) thrown at [C:\re\workspace\8-2-build-windows-amd64-cygwin\jdk8u74\6087\hotspot\src\share\vm\runtime\sharedRuntime.cpp, line 605]

Events (10 events):
Event: 10.220 Thread 0x0000000002311000 Uncommon trap: trap_request=0xffffffde fr.pc=0x0000000002827008
Event: 10.220 Thread 0x0000000002311000 DEOPT PACKING pc=0x0000000002827008 sp=0x000000000230ec30
Event: 10.220 Thread 0x0000000002311000 DEOPT UNPACKING pc=0x000000000245582a sp=0x000000000230eb60 mode 2
Event: 10.220 Thread 0x0000000002311000 Uncommon trap: trap_request=0xffffffde fr.pc=0x00000000028275e8
Event: 10.220 Thread 0x0000000002311000 DEOPT PACKING pc=0x00000000028275e8 sp=0x000000000230ebc0
Event: 10.220 Thread 0x0000000002311000 DEOPT UNPACKING pc=0x000000000245582a sp=0x000000000230eb48 mode 2
Event: 10.222 loading class com/android/dx/rop/cst/Zeroes
Event: 10.222 loading class com/android/dx/rop/cst/Zeroes done
Event: 10.241 loading class com/android/dx/dex/file/CatchStructs
Event: 10.241 loading class com/android/dx/dex/file/CatchStructs done


Dynamic libraries:
0x00007ff74d570000 - 0x00007ff74d5a7000 	C:\Program Files\Java\jdk1.8.0_74\bin\java.exe
0x00007ff9f4050000 - 0x00007ff9f4211000 	C:\Windows\SYSTEM32\ntdll.dll
0x00007ff9f3ba0000 - 0x00007ff9f3c4d000 	C:\Windows\system32\KERNEL32.DLL
0x00007ff9f1090000 - 0x00007ff9f1278000 	C:\Windows\system32\KERNELBASE.dll
0x00007ff9f2f10000 - 0x00007ff9f2fb7000 	C:\Windows\system32\ADVAPI32.dll
0x00007ff9f3b00000 - 0x00007ff9f3b9d000 	C:\Windows\system32\msvcrt.dll
0x00007ff9f2d20000 - 0x00007ff9f2d7b000 	C:\Windows\system32\sechost.dll
0x00007ff9f3c50000 - 0x00007ff9f3d6c000 	C:\Windows\system32\RPCRT4.dll
0x00007ff9f3840000 - 0x00007ff9f3996000 	C:\Windows\system32\USER32.dll
0x00007ff9f2d80000 - 0x00007ff9f2f06000 	C:\Windows\system32\GDI32.dll
0x00007ff9ec680000 - 0x00007ff9ec8f4000 	C:\Windows\WinSxS\amd64_microsoft.windows.common-controls_6595b64144ccf1df_6.0.10586.0_none_8c15ae12515e1c22\COMCTL32.dll
0x00007ff9f2a20000 - 0x00007ff9f2c9d000 	C:\Windows\system32\combase.dll
0x00007ff9f1350000 - 0x00007ff9f13ba000 	C:\Windows\system32\bcryptPrimitives.dll
0x00007ff9f35a0000 - 0x00007ff9f35db000 	C:\Windows\system32\IMM32.DLL
0x0000000058080000 - 0x0000000058152000 	C:\Program Files\Java\jdk1.8.0_74\jre\bin\msvcr100.dll
0x00000000585e0000 - 0x0000000058e70000 	C:\Program Files\Java\jdk1.8.0_74\jre\bin\server\jvm.dll
0x00007ff9f3d70000 - 0x00007ff9f3d78000 	C:\Windows\system32\PSAPI.DLL
0x00007ff9e9550000 - 0x00007ff9e9559000 	C:\Windows\SYSTEM32\WSOCK32.dll
0x00007ff9ee770000 - 0x00007ff9ee793000 	C:\Windows\SYSTEM32\WINMM.dll
0x00007ff9f3090000 - 0x00007ff9f30fb000 	C:\Windows\system32\WS2_32.dll
0x00007ff9ec9c0000 - 0x00007ff9ec9ca000 	C:\Windows\SYSTEM32\VERSION.dll
0x00007ff9ee710000 - 0x00007ff9ee73c000 	C:\Windows\SYSTEM32\WINMMBASE.dll
0x00007ff9f1040000 - 0x00007ff9f1083000 	C:\Windows\system32\cfgmgr32.dll
0x00000000584f0000 - 0x00000000584ff000 	C:\Program Files\Java\jdk1.8.0_74\jre\bin\verify.dll
0x00000000584c0000 - 0x00000000584e9000 	C:\Program Files\Java\jdk1.8.0_74\jre\bin\java.dll
0x00000000584a0000 - 0x00000000584b6000 	C:\Program Files\Java\jdk1.8.0_74\jre\bin\zip.dll
0x00007ff9f1450000 - 0x00007ff9f29ac000 	C:\Windows\system32\SHELL32.dll
0x00007ff9f0760000 - 0x00007ff9f0da5000 	C:\Windows\system32\windows.storage.dll
0x00007ff9f2cc0000 - 0x00007ff9f2d12000 	C:\Windows\system32\shlwapi.dll
0x00007ff9f06f0000 - 0x00007ff9f06ff000 	C:\Windows\system32\kernel.appcore.dll
0x00007ff9f0db0000 - 0x00007ff9f0e65000 	C:\Windows\system32\shcore.dll
0x00007ff9f0670000 - 0x00007ff9f06bb000 	C:\Windows\system32\powrprof.dll
0x00007ff9f06d0000 - 0x00007ff9f06e4000 	C:\Windows\system32\profapi.dll

VM Arguments:
jvm_args: -Djava.awt.headless=true -Xmx1024M -Dfile.encoding=windows-1251 -Duser.country=RU -Duser.language=ru -Duser.variant 
java_command: com.android.dx.command.Main --dex --num-threads=4 --output C:\Works\Android\JustDoIt\app\build\intermediates\pre-dexed\debug\com.android.support-appcompat-v7-23.2.1_ae350d081d46942450eff4f897db2baf2b06510a.jar C:\Works\Android\JustDoIt\app\build\intermediates\exploded-aar\com.android.support\appcompat-v7\23.2.1\jars\classes.jar
java_class_path (initial): C:\Users\Aleksey\AppData\Local\Android\sdk\build-tools\23.0.2\lib\dx.jar
Launcher Type: SUN_STANDARD

Environment Variables:
PATH=C:\ProgramData\Oracle\Java\javapath;C:\Windows\system32;C:\Windows;C:\Windows\System32\Wbem;C:\Windows\System32\WindowsPowerShell\v1.0\;C:\Program Files (x86)\Skype\Phone\;C:\Windows\system32\config\systemprofile\.dnx\bin;C:\Program Files\Microsoft DNX\Dnvm\;C:\Program Files (x86)\GtkSharp\2.12\bin;C:\Program Files (x86)\Windows Kits\8.1\Windows Performance Toolkit\;C:\Users\Aleksey\AppData\Local\atom\bin
USERNAME=Aleksey
OS=Windows_NT
PROCESSOR_IDENTIFIER=Intel64 Family 6 Model 58 Stepping 9, GenuineIntel



---------------  S Y S T E M  ---------------

OS: Windows 10.0 , 64 bit Build 10586 (10.0.10586.0)

CPU:total 8 (4 cores per cpu, 2 threads per core) family 6 model 58 stepping 9, cmov, cx8, fxsr, mmx, sse, sse2, sse3, ssse3, sse4.1, sse4.2, popcnt, avx, aes, clmul, erms, ht, tsc, tscinvbit, tscinv

Memory: 4k page, physical 8282604k(843916k free), swap 12476908k(9600k free)

vm_info: Java HotSpot(TM) 64-Bit Server VM (25.74-b02) for windows-amd64 JRE (1.8.0_74-b02), built on Jan 29 2016 17:42:36 by "java_re" with MS VC++ 10.0 (VS2010)

time: Wed Mar 23 19:16:36 2016
elapsed time: 10 seconds (0d 0h 0m 10s)

