#
# There is insufficient memory for the Java Runtime Environment to continue.
# Native memory allocation (malloc) failed to allocate 337936 bytes for Chunk::new
# Possible reasons:
#   The system is out of physical RAM or swap space
#   In 32 bit mode, the process size limit was hit
# Possible solutions:
#   Reduce memory load on the system
#   Increase physical memory or swap space
#   Check if swap backing store is full
#   Use 64 bit Java on a 64 bit OS
#   Decrease Java heap size (-Xmx/-Xms)
#   Decrease number of Java threads
#   Decrease Java thread stack sizes (-Xss)
#   Set larger code cache with -XX:ReservedCodeCacheSize=
# This output file may be truncated or incomplete.
#
#  Out of Memory Error (allocation.cpp:390), pid=3312, tid=4908
#
# JRE version: Java(TM) SE Runtime Environment (8.0_74-b02) (build 1.8.0_74-b02)
# Java VM: Java HotSpot(TM) 64-Bit Server VM (25.74-b02 mixed mode windows-amd64 compressed oops)
# Failed to write core dump. Minidumps are not enabled by default on client versions of Windows
#

---------------  T H R E A D  ---------------

Current thread (0x0000000016cb7000):  JavaThread "C2 CompilerThread0" daemon [_thread_in_native, id=4908, stack(0x0000000017480000,0x0000000017580000)]

Stack: [0x0000000017480000,0x0000000017580000]
[error occurred during error reporting (printing stack bounds), id 0xc0000005]

Native frames: (J=compiled Java code, j=interpreted, Vv=VM code, C=native code)


Current CompileTask:
C2:   3090 1175       4       com.android.dx.ssa.back.FirstFitLocalCombiningAllocator$1::processInsn (169 bytes)


---------------  P R O C E S S  ---------------

Java Threads: ( => current thread )
  0x0000000016e84000 JavaThread "pool-1-thread-3" [_thread_in_Java, id=6924, stack(0x0000000017d80000,0x0000000017e80000)]
  0x0000000016e82000 JavaThread "pool-2-thread-1" [_thread_blocked, id=10492, stack(0x0000000017b80000,0x0000000017c80000)]
  0x0000000016d30000 JavaThread "Service Thread" daemon [_thread_blocked, id=6272, stack(0x0000000017880000,0x0000000017980000)]
  0x0000000016cc6000 JavaThread "C1 CompilerThread3" daemon [_thread_blocked, id=3536, stack(0x0000000017780000,0x0000000017880000)]
  0x0000000016cc3000 JavaThread "C2 CompilerThread2" daemon [_thread_in_native, id=876, stack(0x0000000017680000,0x0000000017780000)]
  0x0000000016cba800 JavaThread "C2 CompilerThread1" daemon [_thread_blocked, id=2632, stack(0x0000000017580000,0x0000000017680000)]
=>0x0000000016cb7000 JavaThread "C2 CompilerThread0" daemon [_thread_in_native, id=4908, stack(0x0000000017480000,0x0000000017580000)]
  0x0000000016cb4800 JavaThread "Attach Listener" daemon [_thread_blocked, id=9972, stack(0x0000000017380000,0x0000000017480000)]
  0x0000000014dde000 JavaThread "Signal Dispatcher" daemon [_thread_blocked, id=10004, stack(0x0000000017280000,0x0000000017380000)]
  0x0000000016cb0800 JavaThread "Finalizer" daemon [_thread_blocked, id=4076, stack(0x0000000017090000,0x0000000017190000)]
  0x00000000022a6000 JavaThread "Reference Handler" daemon [_thread_blocked, id=9848, stack(0x0000000016b90000,0x0000000016c90000)]
  0x00000000021b1000 JavaThread "main" [_thread_blocked, id=8496, stack(0x0000000002000000,0x0000000002100000)]

Other Threads:
  0x0000000014dc9800 VMThread [stack: 0x0000000016a90000,0x0000000016b90000] [id=8784]
  0x0000000016d44000 WatcherThread [stack: 0x0000000017980000,0x0000000017a80000] [id=7936]

VM state:not at safepoint (normal execution)

VM Mutex/Monitor currently owned by a thread: None

Heap:
 PSYoungGen      total 38400K, used 30010K [0x00000000eab00000, 0x00000000ed580000, 0x0000000100000000)
  eden space 33280K, 90% used [0x00000000eab00000,0x00000000ec84ea20,0x00000000ecb80000)
  from space 5120K, 0% used [0x00000000ed080000,0x00000000ed080000,0x00000000ed580000)
  to   space 5120K, 0% used [0x00000000ecb80000,0x00000000ecb80000,0x00000000ed080000)
 ParOldGen       total 87552K, used 0K [0x00000000c0000000, 0x00000000c5580000, 0x00000000eab00000)
  object space 87552K, 0% used [0x00000000c0000000,0x00000000c0000000,0x00000000c5580000)
 Metaspace       used 5887K, capacity 6836K, committed 7040K, reserved 1056768K
  class space    used 599K, capacity 620K, committed 640K, reserved 1048576K

Card table byte_map: [0x0000000011670000,0x0000000011880000] byte_map_base: 0x0000000011070000

Marking Bits: (ParMarkBitMap*) 0x0000000058df0600
 Begin Bits: [0x00000000121e0000, 0x00000000131e0000)
 End Bits:   [0x00000000131e0000, 0x00000000141e0000)

Polling page: 0x0000000000790000

CodeCache: size=245760Kb used=4771Kb max_used=4785Kb free=240988Kb
 bounds [0x00000000022b0000, 0x0000000002770000, 0x00000000112b0000]
 total_blobs=1457 nmethods=1188 adapters=182
 compilation: enabled

Compilation events (10 events):
Event: 3.043 Thread 0x0000000016cc6000 1186       3       com.android.dx.ssa.DeadCodeRemover::process (14 bytes)
Event: 3.043 Thread 0x0000000016cc6000 nmethod 1186 0x0000000002753d90 code [0x0000000002753f00, 0x00000000027540f8]
Event: 3.044 Thread 0x0000000016cc6000 1188       3       com.android.dx.rop.code.RopMethod::<init> (53 bytes)
Event: 3.044 Thread 0x0000000016cc6000 nmethod 1188 0x00000000027536d0 code [0x0000000002753860, 0x0000000002753c38]
Event: 3.047 Thread 0x0000000016cc6000 1189       3       java.util.TreeMap::values (27 bytes)
Event: 3.048 Thread 0x0000000016cc6000 nmethod 1189 0x00000000027530d0 code [0x0000000002753240, 0x0000000002753590]
Event: 3.048 Thread 0x0000000016cc6000 1190       3       com.android.dx.cf.code.Ropper::getSpecialLabel (20 bytes)
Event: 3.049 Thread 0x0000000016cc6000 nmethod 1190 0x0000000002752990 code [0x0000000002752b00, 0x0000000002752ed0]
Event: 3.056 Thread 0x0000000016cc3000 nmethod 1174% 0x000000000275c650 code [0x000000000275c7e0, 0x000000000275d218]
Event: 3.056 Thread 0x0000000016cc3000 1176       4       com.android.dx.ssa.back.FirstFitLocalCombiningAllocator$1::visitNonMoveInsn (6 bytes)

GC Heap History (0 events):
No events

Deoptimization events (10 events):
Event: 1.805 Thread 0x0000000016f75000 Uncommon trap: reason=unstable_if action=reinterpret pc=0x000000000250d0f4 method=java.util.BitSet.ensureCapacity(I)V @ 6
Event: 1.809 Thread 0x0000000016f75000 Uncommon trap: reason=unstable_if action=reinterpret pc=0x00000000024d89f0 method=java.util.BitSet.nextSetBit(I)I @ 87
Event: 1.897 Thread 0x0000000016e84000 Uncommon trap: reason=class_check action=maybe_recompile pc=0x0000000002516270 method=com.android.dx.ssa.NormalSsaInsn.accept(Lcom/android/dx/ssa/SsaInsn$Visitor;)V @ 9
Event: 1.897 Thread 0x0000000016e84000 Uncommon trap: reason=class_check action=maybe_recompile pc=0x0000000002516270 method=com.android.dx.ssa.NormalSsaInsn.accept(Lcom/android/dx/ssa/SsaInsn$Visitor;)V @ 9
Event: 1.897 Thread 0x0000000016e84000 Uncommon trap: reason=class_check action=maybe_recompile pc=0x0000000002516270 method=com.android.dx.ssa.NormalSsaInsn.accept(Lcom/android/dx/ssa/SsaInsn$Visitor;)V @ 9
Event: 1.949 Thread 0x0000000016e84000 Uncommon trap: reason=class_check action=maybe_recompile pc=0x00000000025b246c method=com.android.dx.ssa.NormalSsaInsn.accept(Lcom/android/dx/ssa/SsaInsn$Visitor;)V @ 9
Event: 1.949 Thread 0x0000000016e84000 Uncommon trap: reason=class_check action=maybe_recompile pc=0x0000000002516270 method=com.android.dx.ssa.NormalSsaInsn.accept(Lcom/android/dx/ssa/SsaInsn$Visitor;)V @ 9
Event: 2.105 Thread 0x0000000016e84000 Uncommon trap: reason=unstable_if action=reinterpret pc=0x00000000025b659c method=com.android.dx.rop.cst.Constant.compareTo(Lcom/android/dx/rop/cst/Constant;)I @ 12
Event: 2.981 Thread 0x0000000016e84000 Uncommon trap: reason=class_check action=maybe_recompile pc=0x00000000026a6eb4 method=com.android.dx.ssa.SCCP.setLatticeValueTo(IILcom/android/dx/rop/cst/Constant;)Z @ 43
Event: 3.003 Thread 0x0000000016e84000 Uncommon trap: reason=unstable_if action=reinterpret pc=0x0000000002635b94 method=com.android.dx.ssa.SsaRenamer$BlockRenamer.addMapping(ILcom/android/dx/rop/code/RegisterSpec;)V @ 120

Internal exceptions (2 events):
Event: 0.040 Thread 0x00000000021b1000 Exception <a 'java/lang/NoSuchMethodError': Method sun.misc.Unsafe.defineClass(Ljava/lang/String;[BII)Ljava/lang/Class; name or signature does not match> (0x00000000eab07cc0) thrown at [C:\re\workspace\8-2-build-windows-amd64-cygwin\jdk8u74\6087\hotspot\srÙÎ„‡&®¤?
Event: 0.040 Thread 0x00000000021b1000 Exception <a 'java/lang/NoSuchMethodError': Method sun.misc.Unsafe.prefetchRead(Ljava/lang/Object;J)V name or signature does not match> (0x00000000eab07fa8) thrown at [C:\re\workspace\8-2-build-windows-amd64-cygwin\jdk8u74\6087\hotspot\src\share\vm\prims\j

Events (10 events):
Event: 2.510 Executing VM operation: ForceSafepoint
Event: 2.510 Executing VM operation: ForceSafepoint done
Event: 2.981 Thread 0x0000000016e84000 Uncommon trap: trap_request=0xffffffde fr.pc=0x00000000026a6eb4
Event: 2.981 Thread 0x0000000016e84000 DEOPT PACKING pc=0x00000000026a6eb4 sp=0x0000000017e7eb20
Event: 2.981 Thread 0x0000000016e84000 DEOPT UNPACKING pc=0x00000000022f582a sp=0x0000000017e7ea78 mode 2
Event: 2.991 Thread 0x0000000016e84000 DEOPT PACKING pc=0x000000000254894f sp=0x0000000017e7e920
Event: 2.991 Thread 0x0000000016e84000 DEOPT UNPACKING pc=0x00000000022f787f sp=0x0000000017e7e700 mode 0
Event: 3.003 Thread 0x0000000016e84000 Uncommon trap: trap_request=0xffffff65 fr.pc=0x0000000002635b94
Event: 3.003 Thread 0x0000000016e84000 DEOPT PACKING pc=0x0000000002635b94 sp=0x0000000017e7e910
Event: 3.003 Thread 0x0000000016e84000 DEOPT UNPACKING pc=0x00000000022f582a sp=0x0000000017e7e8a0 mode 2


Dynamic libraries:
0x00007ff74d570000 - 0x00007ff74d5a7000 	C:\Program Files\Java\jdk1.8.0_74\bin\java.exe
0x00007ff9f4050000 - 0x00007ff9f4211000 	C:\Windows\SYSTEM32\ntdll.dll
0x00007ff9f3ba0000 - 0x00007ff9f3c4d000 	C:\Windows\system32\KERNEL32.DLL
0x00007ff9f1090000 - 0x00007ff9f1278000 	C:\Windows\system32\KERNELBASE.dll
0x00007ff9f2f10000 - 0x00007ff9f2fb7000 	C:\Windows\system32\ADVAPI32.dll
0x00007ff9f3b00000 - 0x00007ff9f3b9d000 	C:\Windows\system32\msvcrt.dll
0x00007ff9f2d20000 - 0x00007ff9f2d7b000 	C:\Windows\system32\sechost.dll
0x00007ff9f3c50000 - 0x00007ff9f3d6c000 	C:\Windows\system32\RPCRT4.dll
0x00007ff9f3840000 - 0x00007ff9f3996000 	C:\Windows\system32\USER32.dll
0x00007ff9f2d80000 - 0x00007ff9f2f06000 	C:\Windows\system32\GDI32.dll
0x00007ff9ec680000 - 0x00007ff9ec8f4000 	C:\Windows\WinSxS\amd64_microsoft.windows.common-controls_6595b64144ccf1df_6.0.10586.0_none_8c15ae12515e1c22\COMCTL32.dll
0x00007ff9f2a20000 - 0x00007ff9f2c9d000 	C:\Windows\system32\combase.dll
0x00007ff9f1350000 - 0x00007ff9f13ba000 	C:\Windows\system32\bcryptPrimitives.dll
0x00007ff9f35a0000 - 0x00007ff9f35db000 	C:\Windows\system32\IMM32.DLL
0x0000000058080000 - 0x0000000058152000 	C:\Program Files\Java\jdk1.8.0_74\jre\bin\msvcr100.dll
0x00000000585e0000 - 0x0000000058e70000 	C:\Program Files\Java\jdk1.8.0_74\jre\bin\server\jvm.dll
0x00007ff9f3d70000 - 0x00007ff9f3d78000 	C:\Windows\system32\PSAPI.DLL
0x00007ff9e9550000 - 0x00007ff9e9559000 	C:\Windows\SYSTEM32\WSOCK32.dll
0x00007ff9f3090000 - 0x00007ff9f30fb000 	C:\Windows\system32\WS2_32.dll
0x00007ff9ee770000 - 0x00007ff9ee793000 	C:\Windows\SYSTEM32\WINMM.dll
0x00007ff9ec9c0000 - 0x00007ff9ec9ca000 	C:\Windows\SYSTEM32\VERSION.dll
0x00007ff9ee710000 - 0x00007ff9ee73c000 	C:\Windows\SYSTEM32\WINMMBASE.dll
0x00007ff9f1040000 - 0x00007ff9f1083000 	C:\Windows\system32\cfgmgr32.dll
0x00000000584f0000 - 0x00000000584ff000 	C:\Program Files\Java\jdk1.8.0_74\jre\bin\verify.dll
0x00000000584c0000 - 0x00000000584e9000 	C:\Program Files\Java\jdk1.8.0_74\jre\bin\java.dll
0x00000000584a0000 - 0x00000000584b6000 	C:\Program Files\Java\jdk1.8.0_74\jre\bin\zip.dll
0x00007ff9f1450000 - 0x00007ff9f29ac000 	C:\Windows\system32\SHELL32.dll
0x00007ff9f0760000 - 0x00007ff9f0da5000 	C:\Windows\system32\windows.storage.dll
0x00007ff9f2cc0000 - 0x00007ff9f2d12000 	C:\Windows\system32\shlwapi.dll
0x00007ff9f06f0000 - 0x00007ff9f06ff000 	C:\Windows\system32\kernel.appcore.dll
0x00007ff9f0db0000 - 0x00007ff9f0e65000 	C:\Windows\system32\shcore.dll
0x00007ff9f0670000 - 0x00007ff9f06bb000 	C:\Windows\system32\powrprof.dll
0x00007ff9f06d0000 - 0x00007ff9f06e4000 	C:\Windows\system32\profapi.dll

VM Arguments:
jvm_args: -Djava.awt.headless=true -Xmx1024M -Dfile.encoding=windows-1251 -Duser.country=RU -Duser.language=ru -Duser.variant 
java_command: com.android.dx.command.Main --dex --num-threads=4 --output C:\Works\Android\JustDoIt\app\build\intermediates\pre-dexed\debug\firebase-client-android-2.5.2_729e62262da8370c0ac8cfbe844ceb9472c3ab32.jar C:\Users\Aleksey\.gradle\caches\modules-2\files-2.1\com.firebase\firebase-client-android\2.5.2\f19f10d6276aa0b380e2d05d2ab3272d693a5433\firebase-client-android-2.5.2.jar
java_class_path (initial): C:\Users\Aleksey\AppData\Local\Android\sdk\build-tools\23.0.2\lib\dx.jar
Launcher Type: SUN_STANDARD

Environment Variables:
PATH=C:\ProgramData\Oracle\Java\javapath;C:\Windows\system32;C:\Windows;C:\Windows\System32\Wbem;C:\Windows\System32\WindowsPowerShell\v1.0\;C:\Program Files (x86)\Skype\Phone\;C:\Windows\system32\config\systemprofile\.dnx\bin;C:\Program Files\Microsoft DNX\Dnvm\;C:\Program Files (x86)\GtkSharp\2.12\bin;C:\Program Files (x86)\Windows Kits\8.1\Windows Performance Toolkit\;C:\Users\Aleksey\AppData\Local\atom\bin
USERNAME=Aleksey
OS=Windows_NT
PROCESSOR_IDENTIFIER=Intel64 Family 6 Model 58 Stepping 9, GenuineIntel



---------------  S Y S T E M  ---------------

OS: Windows 10.0 , 64 bit Build 10586 (10.0.10586.0)

CPU:total 8 (4 cores per cpu, 2 threads per core) family 6 model 58 stepping 9, cmov, cx8, fxsr, mmx, sse, sse2, sse3, ssse3, sse4.1, sse4.2, popcnt, avx, aes, clmul, erms, ht, tsc, tscinvbit, tscinv

Memory: 4k page, physical 8282604k(855616k free), swap 12476908k(9436k free)

vm_info: Java HotSpot(TM) 64-Bit Server VM (25.74-b02) for windows-amd64 JRE (1.8.0_74-b02), built on Jan 29 2016 17:42:36 by "java_re" with MS VC++ 10.0 (VS2010)

time: Wed Mar 23 19:16:02 2016
elapsed time: 3 seconds (0d 0h 0m 3s)

