#
# There is insufficient memory for the Java Runtime Environment to continue.
# Native memory allocation (malloc) failed to allocate 189936 bytes for Chunk::new
# Possible reasons:
#   The system is out of physical RAM or swap space
#   In 32 bit mode, the process size limit was hit
# Possible solutions:
#   Reduce memory load on the system
#   Increase physical memory or swap space
#   Check if swap backing store is full
#   Use 64 bit Java on a 64 bit OS
#   Decrease Java heap size (-Xmx/-Xms)
#   Decrease number of Java threads
#   Decrease Java thread stack sizes (-Xss)
#   Set larger code cache with -XX:ReservedCodeCacheSize=
# This output file may be truncated or incomplete.
#
#  Out of Memory Error (allocation.cpp:390), pid=9356, tid=3684
#
# JRE version: Java(TM) SE Runtime Environment (8.0_74-b02) (build 1.8.0_74-b02)
# Java VM: Java HotSpot(TM) 64-Bit Server VM (25.74-b02 mixed mode windows-amd64 compressed oops)
# Failed to write core dump. Minidumps are not enabled by default on client versions of Windows
#

---------------  T H R E A D  ---------------

Current thread (0x0000000016cfd800):  JavaThread "C2 CompilerThread0" daemon [_thread_in_native, id=3684, stack(0x00000000174c0000,0x00000000175c0000)]

Stack: [0x00000000174c0000,0x00000000175c0000]
[error occurred during error reporting (printing stack bounds), id 0xc0000005]

Native frames: (J=compiled Java code, j=interpreted, Vv=VM code, C=native code)


Current CompileTask:
C2:   3983  868       4       com.android.dx.ssa.NormalSsaInsn::mapSourceRegisters (48 bytes)


---------------  P R O C E S S  ---------------

Java Threads: ( => current thread )
  0x0000000017019800 JavaThread "pool-1-thread-4" [_thread_blocked, id=4076, stack(0x0000000017ec0000,0x0000000017fc0000)]
  0x0000000017006000 JavaThread "pool-1-thread-3" [_thread_blocked, id=11160, stack(0x0000000017dc0000,0x0000000017ec0000)]
  0x0000000017003000 JavaThread "pool-1-thread-2" [_thread_in_Java, id=3400, stack(0x0000000017cc0000,0x0000000017dc0000)]
  0x0000000017000000 JavaThread "pool-2-thread-1" [_thread_blocked, id=9868, stack(0x0000000017bc0000,0x0000000017cc0000)]
  0x0000000016ffd000 JavaThread "pool-1-thread-1" [_thread_blocked, id=9560, stack(0x0000000017ac0000,0x0000000017bc0000)]
  0x0000000016d72000 JavaThread "Service Thread" daemon [_thread_blocked, id=10908, stack(0x00000000178c0000,0x00000000179c0000)]
  0x0000000016d09800 JavaThread "C1 CompilerThread3" daemon [_thread_in_native, id=10740, stack(0x00000000177c0000,0x00000000178c0000)]
  0x0000000014e0b800 JavaThread "C2 CompilerThread2" daemon [_thread_blocked, id=11240, stack(0x00000000176c0000,0x00000000177c0000)]
  0x0000000016d01000 JavaThread "C2 CompilerThread1" daemon [_thread_in_native, id=11076, stack(0x00000000175c0000,0x00000000176c0000)]
=>0x0000000016cfd800 JavaThread "C2 CompilerThread0" daemon [_thread_in_native, id=3684, stack(0x00000000174c0000,0x00000000175c0000)]
  0x0000000016cfb000 JavaThread "Attach Listener" daemon [_thread_blocked, id=11196, stack(0x00000000173c0000,0x00000000174c0000)]
  0x0000000016cfa000 JavaThread "Signal Dispatcher" daemon [_thread_blocked, id=11060, stack(0x00000000172c0000,0x00000000173c0000)]
  0x0000000016cf1800 JavaThread "Finalizer" daemon [_thread_blocked, id=11220, stack(0x00000000170d0000,0x00000000171d0000)]
  0x00000000022d6000 JavaThread "Reference Handler" daemon [_thread_blocked, id=10300, stack(0x0000000016bd0000,0x0000000016cd0000)]
  0x00000000021e1000 JavaThread "main" [_thread_in_Java, id=9708, stack(0x0000000001fe0000,0x00000000020e0000)]

Other Threads:
  0x0000000014df9800 VMThread [stack: 0x0000000016ad0000,0x0000000016bd0000] [id=10400]
  0x0000000016db2800 WatcherThread [stack: 0x00000000179c0000,0x0000000017ac0000] [id=10092]

VM state:not at safepoint (normal execution)

VM Mutex/Monitor currently owned by a thread: None

Heap:
 PSYoungGen      total 38400K, used 29310K [0x00000000eab00000, 0x00000000ed580000, 0x0000000100000000)
  eden space 33280K, 88% used [0x00000000eab00000,0x00000000ec79fbc0,0x00000000ecb80000)
  from space 5120K, 0% used [0x00000000ed080000,0x00000000ed080000,0x00000000ed580000)
  to   space 5120K, 0% used [0x00000000ecb80000,0x00000000ecb80000,0x00000000ed080000)
 ParOldGen       total 87552K, used 0K [0x00000000c0000000, 0x00000000c5580000, 0x00000000eab00000)
  object space 87552K, 0% used [0x00000000c0000000,0x00000000c0000000,0x00000000c5580000)
 Metaspace       used 5832K, capacity 6768K, committed 7040K, reserved 1056768K
  class space    used 601K, capacity 616K, committed 640K, reserved 1048576K

Card table byte_map: [0x00000000116a0000,0x00000000118b0000] byte_map_base: 0x00000000110a0000

Marking Bits: (ParMarkBitMap*) 0x0000000058df0600
 Begin Bits: [0x0000000012210000, 0x0000000013210000)
 End Bits:   [0x0000000013210000, 0x0000000014210000)

Polling page: 0x00000000007a0000

CodeCache: size=245760Kb used=3405Kb max_used=3405Kb free=242354Kb
 bounds [0x00000000022e0000, 0x0000000002640000, 0x00000000112e0000]
 total_blobs=1104 nmethods=835 adapters=182
 compilation: enabled

Compilation events (10 events):
Event: 3.966 Thread 0x0000000016d01000 nmethod 859 0x000000000260ec50 code [0x000000000260ed80, 0x000000000260ee58]
Event: 3.966 Thread 0x0000000016cfd800  860       4       com.android.dx.rop.type.Type::equals (31 bytes)
Event: 3.967 Thread 0x0000000014e0b800 nmethod 810 0x00000000026197d0 code [0x0000000002619a60, 0x000000000261b0c0]
Event: 3.968 Thread 0x0000000016cfd800 nmethod 860 0x0000000002612c50 code [0x0000000002612da0, 0x0000000002612f38]
Event: 3.969 Thread 0x0000000016d01000  865       4       com.android.dx.rop.code.Insn::<init> (69 bytes)
Event: 3.970 Thread 0x0000000016d01000 nmethod 865 0x0000000002612950 code [0x0000000002612a80, 0x0000000002612b78]
Event: 3.972 Thread 0x0000000014e0b800  867       4       java.util.AbstractCollection::<init> (5 bytes)
Event: 3.972 Thread 0x0000000016cfd800  868       4       com.android.dx.ssa.NormalSsaInsn::mapSourceRegisters (48 bytes)
Event: 3.972 Thread 0x0000000016d01000  869       4       com.android.dx.ssa.RegisterMapper::map (63 bytes)
Event: 3.973 Thread 0x0000000014e0b800 nmethod 867 0x0000000002612750 code [0x0000000002612880, 0x00000000026128d8]

GC Heap History (0 events):
No events

Deoptimization events (6 events):
Event: 2.466 Thread 0x00000000021e1000 Uncommon trap: reason=unstable_if action=reinterpret pc=0x000000000243b354 method=java.lang.String.compareTo(Ljava/lang/String;)I @ 38
Event: 3.388 Thread 0x00000000021e1000 Uncommon trap: reason=unstable_if action=reinterpret pc=0x000000000250387c method=java.util.HashMap.getNode(ILjava/lang/Object;)Ljava/util/HashMap$Node; @ 62
Event: 3.420 Thread 0x0000000017006000 Uncommon trap: reason=class_check action=maybe_recompile pc=0x000000000254cdf0 method=com.android.dx.ssa.NormalSsaInsn.accept(Lcom/android/dx/ssa/SsaInsn$Visitor;)V @ 9
Event: 3.420 Thread 0x0000000017006000 Uncommon trap: reason=class_check action=maybe_recompile pc=0x000000000254cdf0 method=com.android.dx.ssa.NormalSsaInsn.accept(Lcom/android/dx/ssa/SsaInsn$Visitor;)V @ 9
Event: 3.420 Thread 0x0000000017006000 Uncommon trap: reason=class_check action=maybe_recompile pc=0x000000000254cdf0 method=com.android.dx.ssa.NormalSsaInsn.accept(Lcom/android/dx/ssa/SsaInsn$Visitor;)V @ 9
Event: 3.420 Thread 0x0000000017006000 Uncommon trap: reason=class_check action=maybe_recompile pc=0x000000000254cdf0 method=com.android.dx.ssa.NormalSsaInsn.accept(Lcom/android/dx/ssa/SsaInsn$Visitor;)V @ 9

Internal exceptions (2 events):
Event: 1.489 Thread 0x00000000021e1000 Exception <a 'java/lang/NoSuchMethodError': Method sun.misc.Unsafe.defineClass(Ljava/lang/String;[BII)Ljava/lang/Class; name or signature does not match> (0x00000000eab07cc0) thrown at [C:\re\workspace\8-2-build-windows-amd64-cygwin\jdk8u74\6087\hotspot\sr16Æ´Ô÷?
Event: 1.489 Thread 0x00000000021e1000 Exception <a 'java/lang/NoSuchMethodError': Method sun.misc.Unsafe.prefetchRead(Ljava/lang/Object;J)V name or signature does not match> (0x00000000eab07fa8) thrown at [C:\re\workspace\8-2-build-windows-amd64-cygwin\jdk8u74\6087\hotspot\src\share\vm\prims\j

Events (10 events):
Event: 3.420 Thread 0x0000000017006000 DEOPT PACKING pc=0x000000000254cdf0 sp=0x0000000017ebe860
Event: 3.420 Thread 0x0000000017006000 DEOPT UNPACKING pc=0x000000000232582a sp=0x0000000017ebe7f0 mode 2
Event: 3.441 loading class java/util/ArrayList$1
Event: 3.441 loading class java/util/ArrayList$1 done
Event: 3.561 Executing VM operation: ForceSafepoint
Event: 3.908 Executing VM operation: ForceSafepoint done
Event: 3.946 loading class com/android/dx/dex/file/FieldAnnotationStruct
Event: 3.946 loading class com/android/dx/dex/file/FieldAnnotationStruct done
Event: 3.950 loading class com/android/dx/cf/code/BytecodeArray$ConstantParserVisitor
Event: 3.950 loading class com/android/dx/cf/code/BytecodeArray$ConstantParserVisitor done


Dynamic libraries:
0x00007ff74d570000 - 0x00007ff74d5a7000 	C:\Program Files\Java\jdk1.8.0_74\bin\java.exe
0x00007ff9f4050000 - 0x00007ff9f4211000 	C:\Windows\SYSTEM32\ntdll.dll
0x00007ff9f3ba0000 - 0x00007ff9f3c4d000 	C:\Windows\system32\KERNEL32.DLL
0x00007ff9f1090000 - 0x00007ff9f1278000 	C:\Windows\system32\KERNELBASE.dll
0x00007ff9f2f10000 - 0x00007ff9f2fb7000 	C:\Windows\system32\ADVAPI32.dll
0x00007ff9f3b00000 - 0x00007ff9f3b9d000 	C:\Windows\system32\msvcrt.dll
0x00007ff9f2d20000 - 0x00007ff9f2d7b000 	C:\Windows\system32\sechost.dll
0x00007ff9f3c50000 - 0x00007ff9f3d6c000 	C:\Windows\system32\RPCRT4.dll
0x00007ff9f3840000 - 0x00007ff9f3996000 	C:\Windows\system32\USER32.dll
0x00007ff9f2d80000 - 0x00007ff9f2f06000 	C:\Windows\system32\GDI32.dll
0x00007ff9ec680000 - 0x00007ff9ec8f4000 	C:\Windows\WinSxS\amd64_microsoft.windows.common-controls_6595b64144ccf1df_6.0.10586.0_none_8c15ae12515e1c22\COMCTL32.dll
0x00007ff9f2a20000 - 0x00007ff9f2c9d000 	C:\Windows\system32\combase.dll
0x00007ff9f1350000 - 0x00007ff9f13ba000 	C:\Windows\system32\bcryptPrimitives.dll
0x00007ff9f35a0000 - 0x00007ff9f35db000 	C:\Windows\system32\IMM32.DLL
0x0000000058080000 - 0x0000000058152000 	C:\Program Files\Java\jdk1.8.0_74\jre\bin\msvcr100.dll
0x00000000585e0000 - 0x0000000058e70000 	C:\Program Files\Java\jdk1.8.0_74\jre\bin\server\jvm.dll
0x00007ff9f3d70000 - 0x00007ff9f3d78000 	C:\Windows\system32\PSAPI.DLL
0x00007ff9e9550000 - 0x00007ff9e9559000 	C:\Windows\SYSTEM32\WSOCK32.dll
0x00007ff9f3090000 - 0x00007ff9f30fb000 	C:\Windows\system32\WS2_32.dll
0x00007ff9ee770000 - 0x00007ff9ee793000 	C:\Windows\SYSTEM32\WINMM.dll
0x00007ff9ec9c0000 - 0x00007ff9ec9ca000 	C:\Windows\SYSTEM32\VERSION.dll
0x00007ff9ee710000 - 0x00007ff9ee73c000 	C:\Windows\SYSTEM32\WINMMBASE.dll
0x00007ff9f1040000 - 0x00007ff9f1083000 	C:\Windows\system32\cfgmgr32.dll
0x00000000584f0000 - 0x00000000584ff000 	C:\Program Files\Java\jdk1.8.0_74\jre\bin\verify.dll
0x00000000584c0000 - 0x00000000584e9000 	C:\Program Files\Java\jdk1.8.0_74\jre\bin\java.dll
0x00000000584a0000 - 0x00000000584b6000 	C:\Program Files\Java\jdk1.8.0_74\jre\bin\zip.dll
0x00007ff9f1450000 - 0x00007ff9f29ac000 	C:\Windows\system32\SHELL32.dll
0x00007ff9f0760000 - 0x00007ff9f0da5000 	C:\Windows\system32\windows.storage.dll
0x00007ff9f2cc0000 - 0x00007ff9f2d12000 	C:\Windows\system32\shlwapi.dll
0x00007ff9f06f0000 - 0x00007ff9f06ff000 	C:\Windows\system32\kernel.appcore.dll
0x00007ff9f0db0000 - 0x00007ff9f0e65000 	C:\Windows\system32\shcore.dll
0x00007ff9f0670000 - 0x00007ff9f06bb000 	C:\Windows\system32\powrprof.dll
0x00007ff9f06d0000 - 0x00007ff9f06e4000 	C:\Windows\system32\profapi.dll

VM Arguments:
jvm_args: -Djava.awt.headless=true -Xmx1024M -Dfile.encoding=windows-1251 -Duser.country=RU -Duser.language=ru -Duser.variant 
java_command: com.android.dx.command.Main --dex --num-threads=4 --output C:\Works\Android\JustDoIt\app\build\intermediates\pre-dexed\debug\com.android.support-support-v4-23.2.1_b43652c5407929748015fac54d4a642ed96b340b.jar C:\Works\Android\JustDoIt\app\build\intermediates\exploded-aar\com.android.support\support-v4\23.2.1\jars\classes.jar
java_class_path (initial): C:\Users\Aleksey\AppData\Local\Android\sdk\build-tools\23.0.2\lib\dx.jar
Launcher Type: SUN_STANDARD

Environment Variables:
PATH=C:\ProgramData\Oracle\Java\javapath;C:\Windows\system32;C:\Windows;C:\Windows\System32\Wbem;C:\Windows\System32\WindowsPowerShell\v1.0\;C:\Program Files (x86)\Skype\Phone\;C:\Windows\system32\config\systemprofile\.dnx\bin;C:\Program Files\Microsoft DNX\Dnvm\;C:\Program Files (x86)\GtkSharp\2.12\bin;C:\Program Files (x86)\Windows Kits\8.1\Windows Performance Toolkit\;C:\Users\Aleksey\AppData\Local\atom\bin
USERNAME=Aleksey
OS=Windows_NT
PROCESSOR_IDENTIFIER=Intel64 Family 6 Model 58 Stepping 9, GenuineIntel



---------------  S Y S T E M  ---------------

OS: Windows 10.0 , 64 bit Build 10586 (10.0.10586.0)

CPU:total 8 (4 cores per cpu, 2 threads per core) family 6 model 58 stepping 9, cmov, cx8, fxsr, mmx, sse, sse2, sse3, ssse3, sse4.1, sse4.2, popcnt, avx, aes, clmul, erms, ht, tsc, tscinvbit, tscinv

Memory: 4k page, physical 8282604k(667336k free), swap 12476908k(5188k free)

vm_info: Java HotSpot(TM) 64-Bit Server VM (25.74-b02) for windows-amd64 JRE (1.8.0_74-b02), built on Jan 29 2016 17:42:36 by "java_re" with MS VC++ 10.0 (VS2010)

time: Wed Mar 23 19:19:15 2016
elapsed time: 3 seconds (0d 0h 0m 3s)

